{"/home/travis/build/npmtest/node-npmtest-ffmpeg/test.js":{"path":"/home/travis/build/npmtest/node-npmtest-ffmpeg/test.js","s":{"1":2,"2":2,"3":2,"4":2,"5":2,"6":2,"7":2,"8":1,"9":2,"10":2,"11":1,"12":1,"13":1,"14":1,"15":2,"16":2,"17":2,"18":2,"19":1,"20":1,"21":2,"22":2,"23":2,"24":1,"25":1,"26":1,"27":1,"28":1,"29":1,"30":1,"31":1,"32":1,"33":1,"34":1,"35":1,"36":1,"37":1,"38":1,"39":2,"40":2,"41":1,"42":2,"43":2,"44":1,"45":2,"46":2,"47":1,"48":2,"49":2,"50":1,"51":1,"52":1,"53":1,"54":1},"b":{"1":[2,1,1,1],"2":[1,1,1,1],"3":[1,1],"4":[1,1],"5":[1,1],"6":[1,1],"7":[1,1],"8":[1,1],"9":[1,1],"10":[1,1,1],"11":[1,1],"12":[1,1],"13":[1,1],"14":[1,1],"15":[1,1],"16":[1,1],"17":[1,1]},"f":{"1":2,"2":2,"3":2,"4":2,"5":2,"6":1,"7":1,"8":1,"9":2,"10":2,"11":2,"12":2,"13":1},"fnMap":{"1":{"name":"(anonymous_1)","line":12,"loc":{"start":{"line":12,"column":1},"end":{"line":12,"column":13}}},"2":{"name":"(anonymous_2)","line":19,"loc":{"start":{"line":19,"column":5},"end":{"line":19,"column":17}}},"3":{"name":"(anonymous_3)","line":23,"loc":{"start":{"line":23,"column":24},"end":{"line":23,"column":36}}},"4":{"name":"(anonymous_4)","line":61,"loc":{"start":{"line":61,"column":5},"end":{"line":61,"column":17}}},"5":{"name":"(anonymous_5)","line":82,"loc":{"start":{"line":82,"column":5},"end":{"line":82,"column":17}}},"6":{"name":"(anonymous_6)","line":91,"loc":{"start":{"line":91,"column":77},"end":{"line":94,"column":10}}},"7":{"name":"(anonymous_7)","line":112,"loc":{"start":{"line":112,"column":83},"end":{"line":115,"column":10}},"skip":true},"8":{"name":"(anonymous_8)","line":123,"loc":{"start":{"line":123,"column":77},"end":{"line":126,"column":10}},"skip":true},"9":{"name":"(anonymous_9)","line":139,"loc":{"start":{"line":139,"column":12},"end":{"line":139,"column":40}},"skip":true},"10":{"name":"(anonymous_10)","line":147,"loc":{"start":{"line":147,"column":77},"end":{"line":150,"column":10}},"skip":true},"11":{"name":"(anonymous_11)","line":158,"loc":{"start":{"line":158,"column":83},"end":{"line":161,"column":10}},"skip":true},"12":{"name":"(anonymous_12)","line":169,"loc":{"start":{"line":169,"column":79},"end":{"line":172,"column":10}},"skip":true},"13":{"name":"(anonymous_13)","line":180,"loc":{"start":{"line":180,"column":75},"end":{"line":183,"column":10}},"skip":true}},"statementMap":{"1":{"start":{"line":12,"column":0},"end":{"line":195,"column":5}},"2":{"start":{"line":14,"column":4},"end":{"line":14,"column":14}},"3":{"start":{"line":19,"column":4},"end":{"line":56,"column":9}},"4":{"start":{"line":21,"column":8},"end":{"line":21,"column":19}},"5":{"start":{"line":23,"column":8},"end":{"line":35,"column":13}},"6":{"start":{"line":24,"column":12},"end":{"line":34,"column":13}},"7":{"start":{"line":25,"column":16},"end":{"line":28,"column":30}},"8":{"start":{"line":30,"column":16},"end":{"line":33,"column":27}},"9":{"start":{"line":37,"column":8},"end":{"line":39,"column":21}},"10":{"start":{"line":40,"column":8},"end":{"line":53,"column":9}},"11":{"start":{"line":43,"column":12},"end":{"line":46,"column":14}},"12":{"start":{"line":47,"column":12},"end":{"line":47,"column":18}},"13":{"start":{"line":50,"column":12},"end":{"line":51,"column":46}},"14":{"start":{"line":52,"column":12},"end":{"line":52,"column":18}},"15":{"start":{"line":55,"column":8},"end":{"line":55,"column":35}},"16":{"start":{"line":61,"column":4},"end":{"line":63,"column":9}},"17":{"start":{"line":62,"column":8},"end":{"line":62,"column":15}},"18":{"start":{"line":64,"column":4},"end":{"line":77,"column":5}},"19":{"start":{"line":70,"column":8},"end":{"line":70,"column":14}},"20":{"start":{"line":76,"column":8},"end":{"line":76,"column":14}},"21":{"start":{"line":82,"column":4},"end":{"line":84,"column":9}},"22":{"start":{"line":83,"column":8},"end":{"line":83,"column":15}},"23":{"start":{"line":85,"column":4},"end":{"line":194,"column":5}},"24":{"start":{"line":91,"column":8},"end":{"line":99,"column":10}},"25":{"start":{"line":98,"column":12},"end":{"line":98,"column":35}},"26":{"start":{"line":102,"column":8},"end":{"line":104,"column":63}},"27":{"start":{"line":105,"column":8},"end":{"line":105,"column":14}},"28":{"start":{"line":112,"column":8},"end":{"line":121,"column":10},"skip":true},"29":{"start":{"line":119,"column":12},"end":{"line":119,"column":55},"skip":true},"30":{"start":{"line":120,"column":12},"end":{"line":120,"column":48},"skip":true},"31":{"start":{"line":123,"column":8},"end":{"line":136,"column":10},"skip":true},"32":{"start":{"line":130,"column":12},"end":{"line":130,"column":76},"skip":true},"33":{"start":{"line":131,"column":12},"end":{"line":131,"column":73},"skip":true},"34":{"start":{"line":132,"column":12},"end":{"line":132,"column":74},"skip":true},"35":{"start":{"line":133,"column":12},"end":{"line":133,"column":79},"skip":true},"36":{"start":{"line":134,"column":12},"end":{"line":134,"column":25},"skip":true},"37":{"start":{"line":135,"column":12},"end":{"line":135,"column":45},"skip":true},"38":{"start":{"line":138,"column":8},"end":{"line":145,"column":14},"skip":true},"39":{"start":{"line":143,"column":16},"end":{"line":143,"column":29},"skip":true},"40":{"start":{"line":144,"column":16},"end":{"line":144,"column":55},"skip":true},"41":{"start":{"line":147,"column":8},"end":{"line":156,"column":10},"skip":true},"42":{"start":{"line":154,"column":12},"end":{"line":154,"column":25},"skip":true},"43":{"start":{"line":155,"column":12},"end":{"line":155,"column":45},"skip":true},"44":{"start":{"line":158,"column":8},"end":{"line":167,"column":10},"skip":true},"45":{"start":{"line":165,"column":12},"end":{"line":165,"column":25},"skip":true},"46":{"start":{"line":166,"column":12},"end":{"line":166,"column":48},"skip":true},"47":{"start":{"line":169,"column":8},"end":{"line":178,"column":10},"skip":true},"48":{"start":{"line":176,"column":12},"end":{"line":176,"column":25},"skip":true},"49":{"start":{"line":177,"column":12},"end":{"line":177,"column":46},"skip":true},"50":{"start":{"line":180,"column":8},"end":{"line":189,"column":10},"skip":true},"51":{"start":{"line":187,"column":12},"end":{"line":187,"column":94},"skip":true},"52":{"start":{"line":188,"column":12},"end":{"line":188,"column":48},"skip":true},"53":{"start":{"line":192,"column":8},"end":{"line":192,"column":35},"skip":true},"54":{"start":{"line":193,"column":8},"end":{"line":193,"column":14},"skip":true}},"branchMap":{"1":{"line":25,"type":"binary-expr","locations":[{"start":{"line":25,"column":23},"end":{"line":25,"column":62}},{"start":{"line":26,"column":20},"end":{"line":26,"column":70}},{"start":{"line":27,"column":20},"end":{"line":27,"column":71}},{"start":{"line":28,"column":20},"end":{"line":28,"column":29}}]},"2":{"line":30,"type":"binary-expr","locations":[{"start":{"line":30,"column":23},"end":{"line":30,"column":37}},{"start":{"line":31,"column":20},"end":{"line":31,"column":61}},{"start":{"line":32,"column":20},"end":{"line":32,"column":70}},{"start":{"line":33,"column":20},"end":{"line":33,"column":26}}]},"3":{"line":37,"type":"cond-expr","locations":[{"start":{"line":38,"column":14},"end":{"line":38,"column":20}},{"start":{"line":39,"column":14},"end":{"line":39,"column":20}}]},"4":{"line":40,"type":"switch","locations":[{"start":{"line":42,"column":8},"end":{"line":47,"column":18}},{"start":{"line":49,"column":8},"end":{"line":52,"column":18}}]},"5":{"line":44,"type":"binary-expr","locations":[{"start":{"line":44,"column":16},"end":{"line":44,"column":44}},{"start":{"line":44,"column":48},"end":{"line":44,"column":66}}]},"6":{"line":50,"type":"binary-expr","locations":[{"start":{"line":50,"column":21},"end":{"line":50,"column":49}},{"start":{"line":50,"column":53},"end":{"line":50,"column":72}}]},"7":{"line":64,"type":"switch","locations":[{"start":{"line":69,"column":4},"end":{"line":70,"column":14}},{"start":{"line":75,"column":4},"end":{"line":76,"column":14}}]},"8":{"line":85,"type":"switch","locations":[{"start":{"line":90,"column":4},"end":{"line":105,"column":14}},{"start":{"line":111,"column":4},"end":{"line":193,"column":14},"skip":true}]},"9":{"line":91,"type":"binary-expr","locations":[{"start":{"line":91,"column":42},"end":{"line":91,"column":73}},{"start":{"line":91,"column":77},"end":{"line":99,"column":9}}]},"10":{"line":102,"type":"binary-expr","locations":[{"start":{"line":102,"column":18},"end":{"line":102,"column":32}},{"start":{"line":103,"column":12},"end":{"line":103,"column":53}},{"start":{"line":104,"column":12},"end":{"line":104,"column":61}}]},"11":{"line":112,"type":"binary-expr","locations":[{"start":{"line":112,"column":45},"end":{"line":112,"column":79},"skip":true},{"start":{"line":112,"column":83},"end":{"line":121,"column":9},"skip":true}]},"12":{"line":123,"type":"binary-expr","locations":[{"start":{"line":123,"column":42},"end":{"line":123,"column":73},"skip":true},{"start":{"line":123,"column":77},"end":{"line":136,"column":9},"skip":true}]},"13":{"line":138,"type":"binary-expr","locations":[{"start":{"line":138,"column":48},"end":{"line":138,"column":85},"skip":true},{"start":{"line":139,"column":12},"end":{"line":145,"column":13},"skip":true}]},"14":{"line":147,"type":"binary-expr","locations":[{"start":{"line":147,"column":42},"end":{"line":147,"column":73},"skip":true},{"start":{"line":147,"column":77},"end":{"line":156,"column":9},"skip":true}]},"15":{"line":158,"type":"binary-expr","locations":[{"start":{"line":158,"column":45},"end":{"line":158,"column":79},"skip":true},{"start":{"line":158,"column":83},"end":{"line":167,"column":9},"skip":true}]},"16":{"line":169,"type":"binary-expr","locations":[{"start":{"line":169,"column":43},"end":{"line":169,"column":75},"skip":true},{"start":{"line":169,"column":79},"end":{"line":178,"column":9},"skip":true}]},"17":{"line":180,"type":"binary-expr","locations":[{"start":{"line":180,"column":41},"end":{"line":180,"column":71},"skip":true},{"start":{"line":180,"column":75},"end":{"line":189,"column":9},"skip":true}]}},"code":["/* istanbul instrument in package npmtest_ffmpeg */","/*jslint","    bitwise: true,","    browser: true,","    maxerr: 8,","    maxlen: 96,","    node: true,","    nomen: true,","    regexp: true,","    stupid: true","*/","(function () {","    'use strict';","    var local;","","","","    // run shared js-env code - pre-init","    (function () {","        // init local","        local = {};","        // init modeJs","        local.modeJs = (function () {","            try {","                return typeof navigator.userAgent === 'string' &&","                    typeof document.querySelector('body') === 'object' &&","                    typeof XMLHttpRequest.prototype.open === 'function' &&","                    'browser';","            } catch (errorCaughtBrowser) {","                return module.exports &&","                    typeof process.versions.node === 'string' &&","                    typeof require('http').createServer === 'function' &&","                    'node';","            }","        }());","        // init global","        local.global = local.modeJs === 'browser'","            ? window","            : global;","        switch (local.modeJs) {","        // re-init local from window.local","        case 'browser':","            local = local.global.utility2.objectSetDefault(","                local.global.utility2_rollup || local.global.local,","                local.global.utility2","            );","            break;","        // re-init local from example.js","        case 'node':","            local = (local.global.utility2_rollup || require('utility2'))","                .requireExampleJsFromReadme();","            break;","        }","        // export local","        local.global.local = local;","    }());","","","","    // run shared js-env code - function","    (function () {","        return;","    }());","    switch (local.modeJs) {","","","","    // run browser js-env code - function","    case 'browser':","        break;","","","","    // run node js-env code - function","    case 'node':","        break;","    }","","","","    // run shared js-env code - post-init","    (function () {","        return;","    }());","    switch (local.modeJs) {","","","","    // run browser js-env code - post-init","    case 'browser':","        local.testCase_browser_nullCase = local.testCase_browser_nullCase || function (","            options,","            onError","        ) {","        /*","         * this function will test browsers's null-case handling-behavior-behavior","         */","            onError(null, options);","        };","","        // run tests","        local.nop(local.modeTest &&","            document.querySelector('#testRunButton1') &&","            document.querySelector('#testRunButton1').click());","        break;","","","","    // run node js-env code - post-init","    /* istanbul ignore next */","    case 'node':","        local.testCase_buildApidoc_default = local.testCase_buildApidoc_default || function (","            options,","            onError","        ) {","        /*","         * this function will test buildApidoc's default handling-behavior-behavior","         */","            options = { modulePathList: module.paths };","            local.buildApidoc(options, onError);","        };","","        local.testCase_buildApp_default = local.testCase_buildApp_default || function (","            options,","            onError","        ) {","        /*","         * this function will test buildApp's default handling-behavior-behavior","         */","            local.testCase_buildReadme_default(options, local.onErrorThrow);","            local.testCase_buildLib_default(options, local.onErrorThrow);","            local.testCase_buildTest_default(options, local.onErrorThrow);","            local.testCase_buildCustomOrg_default(options, local.onErrorThrow);","            options = [];","            local.buildApp(options, onError);","        };","","        local.testCase_buildCustomOrg_default = local.testCase_buildCustomOrg_default ||","            function (options, onError) {","            /*","             * this function will test buildCustomOrg's default handling-behavior","             */","                options = {};","                local.buildCustomOrg(options, onError);","            };","","        local.testCase_buildLib_default = local.testCase_buildLib_default || function (","            options,","            onError","        ) {","        /*","         * this function will test buildLib's default handling-behavior","         */","            options = {};","            local.buildLib(options, onError);","        };","","        local.testCase_buildReadme_default = local.testCase_buildReadme_default || function (","            options,","            onError","        ) {","        /*","         * this function will test buildReadme's default handling-behavior-behavior","         */","            options = {};","            local.buildReadme(options, onError);","        };","","        local.testCase_buildTest_default = local.testCase_buildTest_default || function (","            options,","            onError","        ) {","        /*","         * this function will test buildTest's default handling-behavior","         */","            options = {};","            local.buildTest(options, onError);","        };","","        local.testCase_webpage_default = local.testCase_webpage_default || function (","            options,","            onError","        ) {","        /*","         * this function will test webpage's default handling-behavior","         */","            options = { modeCoverageMerge: true, url: local.serverLocalHost + '?modeTest=1' };","            local.browserTest(options, onError);","        };","","        // run test-server","        local.testRunServer(local);","        break;","    }","}());",""],"l":{"12":2,"14":2,"19":2,"21":2,"23":2,"24":2,"25":2,"30":1,"37":2,"40":2,"43":1,"47":1,"50":1,"52":1,"55":2,"61":2,"62":2,"64":2,"70":1,"76":1,"82":2,"83":2,"85":2,"91":1,"98":1,"102":1,"105":1,"112":1,"119":1,"120":1,"123":1,"130":1,"131":1,"132":1,"133":1,"134":1,"135":1,"138":1,"143":2,"144":2,"147":1,"154":2,"155":2,"158":1,"165":2,"166":2,"169":1,"176":2,"177":2,"180":1,"187":1,"188":1,"192":1,"193":1}},"/home/travis/build/npmtest/node-npmtest-ffmpeg/lib.npmtest_ffmpeg.js":{"path":"/home/travis/build/npmtest/node-npmtest-ffmpeg/lib.npmtest_ffmpeg.js","s":{"1":2,"2":2,"3":2,"4":2,"5":2,"6":2,"7":2,"8":1,"9":2,"10":2,"11":2,"12":2,"13":1,"14":1,"15":1,"16":1},"b":{"1":[2,1,1,1],"2":[1,1,1,1],"3":[1,1],"4":[2,2],"5":[1,1]},"f":{"1":2,"2":2,"3":2},"fnMap":{"1":{"name":"(anonymous_1)","line":12,"loc":{"start":{"line":12,"column":1},"end":{"line":12,"column":13}}},"2":{"name":"(anonymous_2)","line":19,"loc":{"start":{"line":19,"column":5},"end":{"line":19,"column":17}}},"3":{"name":"(anonymous_3)","line":23,"loc":{"start":{"line":23,"column":24},"end":{"line":23,"column":36}}}},"statementMap":{"1":{"start":{"line":12,"column":0},"end":{"line":53,"column":5}},"2":{"start":{"line":14,"column":4},"end":{"line":14,"column":14}},"3":{"start":{"line":19,"column":4},"end":{"line":52,"column":9}},"4":{"start":{"line":21,"column":8},"end":{"line":21,"column":19}},"5":{"start":{"line":23,"column":8},"end":{"line":35,"column":13}},"6":{"start":{"line":24,"column":12},"end":{"line":34,"column":13}},"7":{"start":{"line":25,"column":16},"end":{"line":28,"column":30}},"8":{"start":{"line":30,"column":16},"end":{"line":33,"column":27}},"9":{"start":{"line":37,"column":8},"end":{"line":39,"column":21}},"10":{"start":{"line":41,"column":8},"end":{"line":41,"column":54}},"11":{"start":{"line":43,"column":8},"end":{"line":43,"column":51}},"12":{"start":{"line":45,"column":8},"end":{"line":51,"column":9}},"13":{"start":{"line":46,"column":12},"end":{"line":46,"column":57}},"14":{"start":{"line":48,"column":12},"end":{"line":48,"column":35}},"15":{"start":{"line":49,"column":12},"end":{"line":49,"column":49}},"16":{"start":{"line":50,"column":12},"end":{"line":50,"column":43}}},"branchMap":{"1":{"line":25,"type":"binary-expr","locations":[{"start":{"line":25,"column":23},"end":{"line":25,"column":62}},{"start":{"line":26,"column":20},"end":{"line":26,"column":70}},{"start":{"line":27,"column":20},"end":{"line":27,"column":71}},{"start":{"line":28,"column":20},"end":{"line":28,"column":29}}]},"2":{"line":30,"type":"binary-expr","locations":[{"start":{"line":30,"column":23},"end":{"line":30,"column":37}},{"start":{"line":31,"column":20},"end":{"line":31,"column":61}},{"start":{"line":32,"column":20},"end":{"line":32,"column":70}},{"start":{"line":33,"column":20},"end":{"line":33,"column":26}}]},"3":{"line":37,"type":"cond-expr","locations":[{"start":{"line":38,"column":14},"end":{"line":38,"column":20}},{"start":{"line":39,"column":14},"end":{"line":39,"column":20}}]},"4":{"line":41,"type":"binary-expr","locations":[{"start":{"line":41,"column":16},"end":{"line":41,"column":44}},{"start":{"line":41,"column":48},"end":{"line":41,"column":53}}]},"5":{"line":45,"type":"if","locations":[{"start":{"line":45,"column":8},"end":{"line":45,"column":8}},{"start":{"line":45,"column":8},"end":{"line":45,"column":8}}]}},"code":["/* istanbul instrument in package npmtest_ffmpeg */","/*jslint","    bitwise: true,","    browser: true,","    maxerr: 8,","    maxlen: 96,","    node: true,","    nomen: true,","    regexp: true,","    stupid: true","*/","(function () {","    'use strict';","    var local;","","","","    // run shared js-env code - pre-init","    (function () {","        // init local","        local = {};","        // init modeJs","        local.modeJs = (function () {","            try {","                return typeof navigator.userAgent === 'string' &&","                    typeof document.querySelector('body') === 'object' &&","                    typeof XMLHttpRequest.prototype.open === 'function' &&","                    'browser';","            } catch (errorCaughtBrowser) {","                return module.exports &&","                    typeof process.versions.node === 'string' &&","                    typeof require('http').createServer === 'function' &&","                    'node';","            }","        }());","        // init global","        local.global = local.modeJs === 'browser'","            ? window","            : global;","        // init utility2_rollup","        local = local.global.utility2_rollup || local;","        // init lib","        local.local = local.npmtest_ffmpeg = local;","        // init exports","        if (local.modeJs === 'browser') {","            local.global.utility2_npmtest_ffmpeg = local;","        } else {","            module.exports = local;","            module.exports.__dirname = __dirname;","            module.exports.module = module;","        }","    }());","}());",""],"l":{"12":2,"14":2,"19":2,"21":2,"23":2,"24":2,"25":2,"30":1,"37":2,"41":2,"43":2,"45":2,"46":1,"48":1,"49":1,"50":1}},"/home/travis/build/npmtest/node-npmtest-ffmpeg/example.js":{"path":"/home/travis/build/npmtest/node-npmtest-ffmpeg/example.js","s":{"1":2,"2":2,"3":2,"4":2,"5":2,"6":2,"7":2,"8":1,"9":2,"10":2,"11":2,"12":2,"13":1,"14":2,"15":2,"16":2,"17":2,"18":2,"19":0,"20":2,"21":1,"22":1,"23":1,"24":1,"25":1,"26":0,"27":0,"28":1,"29":1,"30":2,"31":0,"32":0,"33":0,"34":1,"35":2,"36":2,"37":3,"38":3,"39":3,"40":3,"41":0,"42":3,"43":3,"44":3,"45":1,"46":3,"47":1,"48":1,"49":1,"50":1,"51":1,"52":1,"53":1,"54":1,"55":1,"56":1,"57":0,"58":1,"59":6,"60":6,"61":1,"62":2,"63":0,"64":2,"65":1,"66":1,"67":0,"68":0,"69":0,"70":0,"71":0,"72":0,"73":0,"74":0,"75":0,"76":0,"77":0,"78":0,"79":0,"80":0,"81":0,"82":0,"83":0},"b":{"1":[2,1,1,1],"2":[1,1,1,1],"3":[1,1],"4":[2,2],"5":[1,1],"6":[1,1],"7":[2,0],"8":[2,1,1,1,1,1],"9":[0,2,0],"10":[1,1],"11":[2,1,1],"12":[1,0],"13":[0,2],"14":[2,0,0,0,0,0,0],"15":[0,3],"16":[3,0],"17":[1,1],"18":[0,1],"19":[1,2,0,2],"20":[1,0],"21":[1,1],"22":[0,0],"23":[0,0],"24":[0,0],"25":[0,0],"26":[0,0],"27":[0,0],"28":[0,0]},"f":{"1":2,"2":2,"3":2,"4":2,"5":2,"6":2,"7":3,"8":3,"9":3,"10":1,"11":6,"12":0},"fnMap":{"1":{"name":"(anonymous_1)","line":26,"loc":{"start":{"line":26,"column":1},"end":{"line":26,"column":13}}},"2":{"name":"(anonymous_2)","line":33,"loc":{"start":{"line":33,"column":5},"end":{"line":33,"column":17}}},"3":{"name":"(anonymous_3)","line":37,"loc":{"start":{"line":37,"column":24},"end":{"line":37,"column":36}}},"4":{"name":"(anonymous_4)","line":69,"loc":{"start":{"line":69,"column":31},"end":{"line":69,"column":48}},"skip":true},"5":{"name":"(anonymous_5)","line":78,"loc":{"start":{"line":78,"column":26},"end":{"line":78,"column":45}},"skip":true},"6":{"name":"(anonymous_6)","line":123,"loc":{"start":{"line":123,"column":33},"end":{"line":123,"column":48}},"skip":true},"7":{"name":"(anonymous_7)","line":125,"loc":{"start":{"line":125,"column":27},"end":{"line":125,"column":39}},"skip":true},"8":{"name":"(anonymous_8)","line":133,"loc":{"start":{"line":133,"column":59},"end":{"line":133,"column":74}},"skip":true},"9":{"name":"(anonymous_9)","line":143,"loc":{"start":{"line":143,"column":45},"end":{"line":143,"column":62}},"skip":true},"10":{"name":"(anonymous_10)","line":144,"loc":{"start":{"line":144,"column":73},"end":{"line":144,"column":92}},"skip":true},"11":{"name":"(anonymous_11)","line":272,"loc":{"start":{"line":272,"column":51},"end":{"line":272,"column":77}},"skip":true},"12":{"name":"(anonymous_12)","line":315,"loc":{"start":{"line":315,"column":32},"end":{"line":315,"column":61}},"skip":true}},"statementMap":{"1":{"start":{"line":26,"column":0},"end":{"line":326,"column":5}},"2":{"start":{"line":28,"column":4},"end":{"line":28,"column":14}},"3":{"start":{"line":33,"column":4},"end":{"line":60,"column":9}},"4":{"start":{"line":35,"column":8},"end":{"line":35,"column":19}},"5":{"start":{"line":37,"column":8},"end":{"line":49,"column":13}},"6":{"start":{"line":38,"column":12},"end":{"line":48,"column":13}},"7":{"start":{"line":39,"column":16},"end":{"line":42,"column":30}},"8":{"start":{"line":44,"column":16},"end":{"line":47,"column":27}},"9":{"start":{"line":51,"column":8},"end":{"line":53,"column":21}},"10":{"start":{"line":55,"column":8},"end":{"line":57,"column":45}},"11":{"start":{"line":59,"column":8},"end":{"line":59,"column":35}},"12":{"start":{"line":61,"column":4},"end":{"line":325,"column":5}},"13":{"start":{"line":69,"column":8},"end":{"line":121,"column":10},"skip":true},"14":{"start":{"line":70,"column":12},"end":{"line":88,"column":13},"skip":true},"15":{"start":{"line":76,"column":16},"end":{"line":87,"column":19},"skip":true},"16":{"start":{"line":79,"column":20},"end":{"line":86,"column":21},"skip":true},"17":{"start":{"line":82,"column":24},"end":{"line":82,"column":43},"skip":true},"18":{"start":{"line":83,"column":24},"end":{"line":83,"column":30},"skip":true},"19":{"start":{"line":85,"column":24},"end":{"line":85,"column":49},"skip":true},"20":{"start":{"line":89,"column":12},"end":{"line":107,"column":13},"skip":true},"21":{"start":{"line":92,"column":16},"end":{"line":102,"column":17},"skip":true},"22":{"start":{"line":93,"column":20},"end":{"line":93,"column":86},"skip":true},"23":{"start":{"line":94,"column":20},"end":{"line":95,"column":45},"skip":true},"24":{"start":{"line":96,"column":20},"end":{"line":96,"column":42},"skip":true},"25":{"start":{"line":97,"column":20},"end":{"line":97,"column":48},"skip":true},"26":{"start":{"line":100,"column":20},"end":{"line":100,"column":85},"skip":true},"27":{"start":{"line":101,"column":20},"end":{"line":101,"column":96},"skip":true},"28":{"start":{"line":103,"column":16},"end":{"line":103,"column":22},"skip":true},"29":{"start":{"line":106,"column":16},"end":{"line":106,"column":22},"skip":true},"30":{"start":{"line":108,"column":12},"end":{"line":120,"column":13},"skip":true},"31":{"start":{"line":114,"column":16},"end":{"line":119,"column":17},"skip":true},"32":{"start":{"line":116,"column":20},"end":{"line":116,"column":78},"skip":true},"33":{"start":{"line":118,"column":20},"end":{"line":118,"column":47},"skip":true},"34":{"start":{"line":123,"column":8},"end":{"line":141,"column":11},"skip":true},"35":{"start":{"line":124,"column":12},"end":{"line":124,"column":54},"skip":true},"36":{"start":{"line":125,"column":12},"end":{"line":140,"column":14},"skip":true},"37":{"start":{"line":126,"column":16},"end":{"line":126,"column":28},"skip":true},"38":{"start":{"line":127,"column":16},"end":{"line":127,"column":69},"skip":true},"39":{"start":{"line":128,"column":16},"end":{"line":128,"column":75},"skip":true},"40":{"start":{"line":129,"column":16},"end":{"line":131,"column":17},"skip":true},"41":{"start":{"line":130,"column":20},"end":{"line":130,"column":27},"skip":true},"42":{"start":{"line":133,"column":16},"end":{"line":137,"column":36},"skip":true},"43":{"start":{"line":134,"column":20},"end":{"line":136,"column":55},"skip":true},"44":{"start":{"line":139,"column":16},"end":{"line":139,"column":57},"skip":true},"45":{"start":{"line":143,"column":8},"end":{"line":147,"column":11},"skip":true},"46":{"start":{"line":144,"column":12},"end":{"line":146,"column":15},"skip":true},"47":{"start":{"line":145,"column":16},"end":{"line":145,"column":70},"skip":true},"48":{"start":{"line":149,"column":8},"end":{"line":149,"column":31},"skip":true},"49":{"start":{"line":150,"column":8},"end":{"line":150,"column":14},"skip":true},"50":{"start":{"line":158,"column":8},"end":{"line":158,"column":31},"skip":true},"51":{"start":{"line":160,"column":8},"end":{"line":160,"column":33},"skip":true},"52":{"start":{"line":161,"column":8},"end":{"line":161,"column":37},"skip":true},"53":{"start":{"line":162,"column":8},"end":{"line":162,"column":35},"skip":true},"54":{"start":{"line":164,"column":8},"end":{"line":164,"column":50},"skip":true},"55":{"start":{"line":166,"column":8},"end":{"line":256,"column":2},"skip":true},"56":{"start":{"line":258,"column":8},"end":{"line":286,"column":9},"skip":true},"57":{"start":{"line":259,"column":12},"end":{"line":269,"column":14},"skip":true},"58":{"start":{"line":271,"column":12},"end":{"line":285,"column":19},"skip":true},"59":{"start":{"line":274,"column":20},"end":{"line":274,"column":35},"skip":true},"60":{"start":{"line":275,"column":20},"end":{"line":284,"column":21},"skip":true},"61":{"start":{"line":277,"column":24},"end":{"line":277,"column":64},"skip":true},"62":{"start":{"line":279,"column":24},"end":{"line":279,"column":40},"skip":true},"63":{"start":{"line":281,"column":24},"end":{"line":281,"column":40},"skip":true},"64":{"start":{"line":283,"column":24},"end":{"line":283,"column":39},"skip":true},"65":{"start":{"line":288,"column":8},"end":{"line":290,"column":9},"skip":true},"66":{"start":{"line":289,"column":12},"end":{"line":289,"column":18},"skip":true},"67":{"start":{"line":291,"column":8},"end":{"line":293,"column":54},"skip":true},"68":{"start":{"line":296,"column":8},"end":{"line":301,"column":37},"skip":true},"69":{"start":{"line":303,"column":8},"end":{"line":303,"column":82},"skip":true},"70":{"start":{"line":306,"column":8},"end":{"line":308,"column":9},"skip":true},"71":{"start":{"line":307,"column":12},"end":{"line":307,"column":82},"skip":true},"72":{"start":{"line":310,"column":8},"end":{"line":312,"column":9},"skip":true},"73":{"start":{"line":311,"column":12},"end":{"line":311,"column":18},"skip":true},"74":{"start":{"line":313,"column":8},"end":{"line":313,"column":54},"skip":true},"75":{"start":{"line":314,"column":8},"end":{"line":314,"column":69},"skip":true},"76":{"start":{"line":315,"column":8},"end":{"line":323,"column":36},"skip":true},"77":{"start":{"line":316,"column":12},"end":{"line":316,"column":61},"skip":true},"78":{"start":{"line":317,"column":12},"end":{"line":320,"column":13},"skip":true},"79":{"start":{"line":318,"column":16},"end":{"line":318,"column":75},"skip":true},"80":{"start":{"line":319,"column":16},"end":{"line":319,"column":23},"skip":true},"81":{"start":{"line":321,"column":12},"end":{"line":321,"column":38},"skip":true},"82":{"start":{"line":322,"column":12},"end":{"line":322,"column":27},"skip":true},"83":{"start":{"line":324,"column":8},"end":{"line":324,"column":14},"skip":true}},"branchMap":{"1":{"line":39,"type":"binary-expr","locations":[{"start":{"line":39,"column":23},"end":{"line":39,"column":62}},{"start":{"line":40,"column":20},"end":{"line":40,"column":70}},{"start":{"line":41,"column":20},"end":{"line":41,"column":71}},{"start":{"line":42,"column":20},"end":{"line":42,"column":29}}]},"2":{"line":44,"type":"binary-expr","locations":[{"start":{"line":44,"column":23},"end":{"line":44,"column":37}},{"start":{"line":45,"column":20},"end":{"line":45,"column":61}},{"start":{"line":46,"column":20},"end":{"line":46,"column":70}},{"start":{"line":47,"column":20},"end":{"line":47,"column":26}}]},"3":{"line":51,"type":"cond-expr","locations":[{"start":{"line":52,"column":14},"end":{"line":52,"column":20}},{"start":{"line":53,"column":14},"end":{"line":53,"column":20}}]},"4":{"line":55,"type":"binary-expr","locations":[{"start":{"line":55,"column":16},"end":{"line":55,"column":44}},{"start":{"line":55,"column":49},"end":{"line":57,"column":43}}]},"5":{"line":55,"type":"cond-expr","locations":[{"start":{"line":56,"column":14},"end":{"line":56,"column":50}},{"start":{"line":57,"column":14},"end":{"line":57,"column":43}}]},"6":{"line":61,"type":"switch","locations":[{"start":{"line":68,"column":4},"end":{"line":150,"column":14},"skip":true},{"start":{"line":156,"column":4},"end":{"line":324,"column":14},"skip":true}]},"7":{"line":70,"type":"if","locations":[{"start":{"line":70,"column":12},"end":{"line":70,"column":12},"skip":true},{"start":{"line":70,"column":12},"end":{"line":70,"column":12},"skip":true}]},"8":{"line":70,"type":"binary-expr","locations":[{"start":{"line":70,"column":16},"end":{"line":70,"column":22},"skip":true},{"start":{"line":70,"column":27},"end":{"line":70,"column":32},"skip":true},{"start":{"line":71,"column":20},"end":{"line":71,"column":39},"skip":true},{"start":{"line":72,"column":20},"end":{"line":72,"column":49},"skip":true},{"start":{"line":73,"column":20},"end":{"line":73,"column":58},"skip":true},{"start":{"line":74,"column":20},"end":{"line":74,"column":69},"skip":true}]},"9":{"line":79,"type":"switch","locations":[{"start":{"line":80,"column":20},"end":{"line":80,"column":33},"skip":true},{"start":{"line":81,"column":20},"end":{"line":83,"column":30},"skip":true},{"start":{"line":84,"column":20},"end":{"line":85,"column":49},"skip":true}]},"10":{"line":89,"type":"switch","locations":[{"start":{"line":90,"column":12},"end":{"line":103,"column":22},"skip":true},{"start":{"line":105,"column":12},"end":{"line":106,"column":22},"skip":true}]},"11":{"line":89,"type":"binary-expr","locations":[{"start":{"line":89,"column":20},"end":{"line":89,"column":25},"skip":true},{"start":{"line":89,"column":29},"end":{"line":89,"column":48},"skip":true},{"start":{"line":89,"column":52},"end":{"line":89,"column":74},"skip":true}]},"12":{"line":92,"type":"if","locations":[{"start":{"line":92,"column":16},"end":{"line":92,"column":16},"skip":true},{"start":{"line":92,"column":16},"end":{"line":92,"column":16},"skip":true}]},"13":{"line":108,"type":"if","locations":[{"start":{"line":108,"column":12},"end":{"line":108,"column":12},"skip":true},{"start":{"line":108,"column":12},"end":{"line":108,"column":12},"skip":true}]},"14":{"line":108,"type":"binary-expr","locations":[{"start":{"line":108,"column":16},"end":{"line":108,"column":61},"skip":true},{"start":{"line":108,"column":66},"end":{"line":108,"column":72},"skip":true},{"start":{"line":108,"column":77},"end":{"line":108,"column":82},"skip":true},{"start":{"line":109,"column":20},"end":{"line":109,"column":39},"skip":true},{"start":{"line":110,"column":20},"end":{"line":110,"column":49},"skip":true},{"start":{"line":111,"column":20},"end":{"line":111,"column":58},"skip":true},{"start":{"line":112,"column":20},"end":{"line":112,"column":68},"skip":true}]},"15":{"line":129,"type":"if","locations":[{"start":{"line":129,"column":16},"end":{"line":129,"column":16},"skip":true},{"start":{"line":129,"column":16},"end":{"line":129,"column":16},"skip":true}]},"16":{"line":134,"type":"cond-expr","locations":[{"start":{"line":135,"column":26},"end":{"line":135,"column":29},"skip":true},{"start":{"line":136,"column":26},"end":{"line":136,"column":54},"skip":true}]},"17":{"line":164,"type":"binary-expr","locations":[{"start":{"line":164,"column":27},"end":{"line":164,"column":43},"skip":true},{"start":{"line":164,"column":47},"end":{"line":164,"column":49},"skip":true}]},"18":{"line":258,"type":"if","locations":[{"start":{"line":258,"column":8},"end":{"line":258,"column":8},"skip":true},{"start":{"line":258,"column":8},"end":{"line":258,"column":8},"skip":true}]},"19":{"line":275,"type":"switch","locations":[{"start":{"line":276,"column":20},"end":{"line":277,"column":64},"skip":true},{"start":{"line":278,"column":20},"end":{"line":279,"column":40},"skip":true},{"start":{"line":280,"column":20},"end":{"line":281,"column":40},"skip":true},{"start":{"line":282,"column":20},"end":{"line":283,"column":39},"skip":true}]},"20":{"line":288,"type":"if","locations":[{"start":{"line":288,"column":8},"end":{"line":288,"column":8},"skip":true},{"start":{"line":288,"column":8},"end":{"line":288,"column":8},"skip":true}]},"21":{"line":288,"type":"binary-expr","locations":[{"start":{"line":288,"column":12},"end":{"line":288,"column":40},"skip":true},{"start":{"line":288,"column":44},"end":{"line":288,"column":67},"skip":true}]},"22":{"line":292,"type":"binary-expr","locations":[{"start":{"line":292,"column":12},"end":{"line":292,"column":50},"skip":true},{"start":{"line":293,"column":12},"end":{"line":293,"column":53},"skip":true}]},"23":{"line":297,"type":"binary-expr","locations":[{"start":{"line":297,"column":12},"end":{"line":297,"column":64},"skip":true},{"start":{"line":298,"column":12},"end":{"line":301,"column":36},"skip":true}]},"24":{"line":303,"type":"binary-expr","locations":[{"start":{"line":303,"column":43},"end":{"line":303,"column":75},"skip":true},{"start":{"line":303,"column":79},"end":{"line":303,"column":81},"skip":true}]},"25":{"line":306,"type":"if","locations":[{"start":{"line":306,"column":8},"end":{"line":306,"column":8},"skip":true},{"start":{"line":306,"column":8},"end":{"line":306,"column":8},"skip":true}]},"26":{"line":310,"type":"if","locations":[{"start":{"line":310,"column":8},"end":{"line":310,"column":8},"skip":true},{"start":{"line":310,"column":8},"end":{"line":310,"column":8},"skip":true}]},"27":{"line":313,"type":"binary-expr","locations":[{"start":{"line":313,"column":27},"end":{"line":313,"column":43},"skip":true},{"start":{"line":313,"column":47},"end":{"line":313,"column":53},"skip":true}]},"28":{"line":317,"type":"if","locations":[{"start":{"line":317,"column":12},"end":{"line":317,"column":12},"skip":true},{"start":{"line":317,"column":12},"end":{"line":317,"column":12},"skip":true}]}},"code":["/*","example.js","","quickstart example","","instruction","    1. save this script as example.js","    2. run the shell command:","        $ npm install npmtest-ffmpeg && PORT=8081 node example.js","    3. play with the browser-demo on http://127.0.0.1:8081","*/","","","","/* istanbul instrument in package npmtest_ffmpeg */","/*jslint","    bitwise: true,","    browser: true,","    maxerr: 8,","    maxlen: 96,","    node: true,","    nomen: true,","    regexp: true,","    stupid: true","*/","(function () {","    'use strict';","    var local;","","","","    // run shared js-env code - pre-init","    (function () {","        // init local","        local = {};","        // init modeJs","        local.modeJs = (function () {","            try {","                return typeof navigator.userAgent === 'string' &&","                    typeof document.querySelector('body') === 'object' &&","                    typeof XMLHttpRequest.prototype.open === 'function' &&","                    'browser';","            } catch (errorCaughtBrowser) {","                return module.exports &&","                    typeof process.versions.node === 'string' &&","                    typeof require('http').createServer === 'function' &&","                    'node';","            }","        }());","        // init global","        local.global = local.modeJs === 'browser'","            ? window","            : global;","        // init utility2_rollup","        local = local.global.utility2_rollup || (local.modeJs === 'browser'","            ? local.global.utility2_npmtest_ffmpeg","            : global.utility2_moduleExports);","        // export local","        local.global.local = local;","    }());","    switch (local.modeJs) {","","","","    // post-init","    // run browser js-env code - post-init","    /* istanbul ignore next */","    case 'browser':","        local.testRunBrowser = function (event) {","            if (!event || (event &&","                    event.currentTarget &&","                    event.currentTarget.className &&","                    event.currentTarget.className.includes &&","                    event.currentTarget.className.includes('onreset'))) {","                // reset output","                Array.from(","                    document.querySelectorAll('body > .resettable')","                ).forEach(function (element) {","                    switch (element.tagName) {","                    case 'INPUT':","                    case 'TEXTAREA':","                        element.value = '';","                        break;","                    default:","                        element.textContent = '';","                    }","                });","            }","            switch (event && event.currentTarget && event.currentTarget.id) {","            case 'testRunButton1':","                // show tests","                if (document.querySelector('#testReportDiv1').style.display === 'none') {","                    document.querySelector('#testReportDiv1').style.display = 'block';","                    document.querySelector('#testRunButton1').textContent =","                        'hide internal test';","                    local.modeTest = true;","                    local.testRunDefault(local);","                // hide tests","                } else {","                    document.querySelector('#testReportDiv1').style.display = 'none';","                    document.querySelector('#testRunButton1').textContent = 'run internal test';","                }","                break;","            // custom-case","            default:","                break;","            }","            if (document.querySelector('#inputTextareaEval1') && (!event || (event &&","                    event.currentTarget &&","                    event.currentTarget.className &&","                    event.currentTarget.className.includes &&","                    event.currentTarget.className.includes('oneval')))) {","                // try to eval input-code","                try {","                    /*jslint evil: true*/","                    eval(document.querySelector('#inputTextareaEval1').value);","                } catch (errorCaught) {","                    console.error(errorCaught);","                }","            }","        };","        // log stderr and stdout to #outputTextareaStdout1","        ['error', 'log'].forEach(function (key) {","            console[key + '_original'] = console[key];","            console[key] = function () {","                var element;","                console[key + '_original'].apply(console, arguments);","                element = document.querySelector('#outputTextareaStdout1');","                if (!element) {","                    return;","                }","                // append text to #outputTextareaStdout1","                element.value += Array.from(arguments).map(function (arg) {","                    return typeof arg === 'string'","                        ? arg","                        : JSON.stringify(arg, null, 4);","                }).join(' ') + '\\n';","                // scroll textarea to bottom","                element.scrollTop = element.scrollHeight;","            };","        });","        // init event-handling","        ['change', 'click', 'keyup'].forEach(function (event) {","            Array.from(document.querySelectorAll('.on' + event)).forEach(function (element) {","                element.addEventListener(event, local.testRunBrowser);","            });","        });","        // run tests","        local.testRunBrowser();","        break;","","","","    // run node js-env code - post-init","    /* istanbul ignore next */","    case 'node':","        // export local","        module.exports = local;","        // require modules","        local.fs = require('fs');","        local.http = require('http');","        local.url = require('url');","        // init assets","        local.assetsDict = local.assetsDict || {};","        /* jslint-ignore-begin */","        local.assetsDict['/assets.index.template.html'] = '\\","<!doctype html>\\n\\","<html lang=\"en\">\\n\\","<head>\\n\\","<meta charset=\"UTF-8\">\\n\\","<meta name=\"viewport\" content=\"width=device-width, initial-scale=1\">\\n\\","<title>{{env.npm_package_name}} (v{{env.npm_package_version}})</title>\\n\\","<style>\\n\\","/*csslint\\n\\","    box-sizing: false,\\n\\","    universal-selector: false\\n\\","*/\\n\\","* {\\n\\","    box-sizing: border-box;\\n\\","}\\n\\","body {\\n\\","    background: #dde;\\n\\","    font-family: Arial, Helvetica, sans-serif;\\n\\","    margin: 2rem;\\n\\","}\\n\\","body > * {\\n\\","    margin-bottom: 1rem;\\n\\","}\\n\\",".utility2FooterDiv {\\n\\","    margin-top: 20px;\\n\\","    text-align: center;\\n\\","}\\n\\","</style>\\n\\","<style>\\n\\","/*csslint\\n\\","*/\\n\\","textarea {\\n\\","    font-family: monospace;\\n\\","    height: 10rem;\\n\\","    width: 100%;\\n\\","}\\n\\","textarea[readonly] {\\n\\","    background: #ddd;\\n\\","}\\n\\","</style>\\n\\","</head>\\n\\","<body>\\n\\","<!-- utility2-comment\\n\\","<div id=\"ajaxProgressDiv1\" style=\"background: #d00; height: 2px; left: 0; margin: 0; padding: 0; position: fixed; top: 0; transition: background 0.5s, width 1.5s; width: 25%;\"></div>\\n\\","utility2-comment -->\\n\\","<h1>\\n\\","<!-- utility2-comment\\n\\","    <a\\n\\","        {{#if env.npm_package_homepage}}\\n\\","        href=\"{{env.npm_package_homepage}}\"\\n\\","        {{/if env.npm_package_homepage}}\\n\\","        target=\"_blank\"\\n\\","    >\\n\\","utility2-comment -->\\n\\","        {{env.npm_package_name}} (v{{env.npm_package_version}})\\n\\","<!-- utility2-comment\\n\\","    </a>\\n\\","utility2-comment -->\\n\\","</h1>\\n\\","<h3>{{env.npm_package_description}}</h3>\\n\\","<!-- utility2-comment\\n\\","<h4><a download href=\"assets.app.js\">download standalone app</a></h4>\\n\\","<button class=\"onclick onreset\" id=\"testRunButton1\">run internal test</button><br>\\n\\","<div id=\"testReportDiv1\" style=\"display: none;\"></div>\\n\\","utility2-comment -->\\n\\","\\n\\","\\n\\","\\n\\","<label>stderr and stdout</label>\\n\\","<textarea class=\"resettable\" id=\"outputTextareaStdout1\" readonly></textarea>\\n\\","<!-- utility2-comment\\n\\","{{#if isRollup}}\\n\\","<script src=\"assets.app.js\"></script>\\n\\","{{#unless isRollup}}\\n\\","utility2-comment -->\\n\\","<script src=\"assets.utility2.rollup.js\"></script>\\n\\","<script src=\"jsonp.utility2._stateInit?callback=window.utility2._stateInit\"></script>\\n\\","<script src=\"assets.npmtest_ffmpeg.rollup.js\"></script>\\n\\","<script src=\"assets.example.js\"></script>\\n\\","<script src=\"assets.test.js\"></script>\\n\\","<!-- utility2-comment\\n\\","{{/if isRollup}}\\n\\","utility2-comment -->\\n\\","<div class=\"utility2FooterDiv\">\\n\\","    [ this app was created with\\n\\","    <a href=\"https://github.com/kaizhu256/node-utility2\" target=\"_blank\">utility2</a>\\n\\","    ]\\n\\","</div>\\n\\","</body>\\n\\","</html>\\n\\","';","        /* jslint-ignore-end */","        if (local.templateRender) {","            local.assetsDict['/'] = local.templateRender(","                local.assetsDict['/assets.index.template.html'],","                {","                    env: local.objectSetDefault(local.env, {","                        npm_package_description: 'the greatest app in the world!',","                        npm_package_name: 'my-app',","                        npm_package_nameAlias: 'my_app',","                        npm_package_version: '0.0.1'","                    })","                }","            );","        } else {","            local.assetsDict['/'] = local.assetsDict['/assets.index.template.html']","                .replace((/\\{\\{env\\.(\\w+?)\\}\\}/g), function (match0, match1) {","                    // jslint-hack","                    String(match0);","                    switch (match1) {","                    case 'npm_package_description':","                        return 'the greatest app in the world!';","                    case 'npm_package_name':","                        return 'my-app';","                    case 'npm_package_nameAlias':","                        return 'my_app';","                    case 'npm_package_version':","                        return '0.0.1';","                    }","                });","        }","        // run the cli","        if (local.global.utility2_rollup || module !== require.main) {","            break;","        }","        local.assetsDict['/assets.example.js'] =","            local.assetsDict['/assets.example.js'] ||","            local.fs.readFileSync(__filename, 'utf8');","        // bug-workaround - long $npm_package_buildCustomOrg","        /* jslint-ignore-begin */","        local.assetsDict['/assets.npmtest_ffmpeg.rollup.js'] =","            local.assetsDict['/assets.npmtest_ffmpeg.rollup.js'] ||","            local.fs.readFileSync(","                local.npmtest_ffmpeg.__dirname + '/lib.npmtest_ffmpeg.js',","                'utf8'","            ).replace((/^#!/), '//');","        /* jslint-ignore-end */","        local.assetsDict['/favicon.ico'] = local.assetsDict['/favicon.ico'] || '';","        // if $npm_config_timeout_exit exists,","        // then exit this process after $npm_config_timeout_exit ms","        if (Number(process.env.npm_config_timeout_exit)) {","            setTimeout(process.exit, Number(process.env.npm_config_timeout_exit));","        }","        // start server","        if (local.global.utility2_serverHttp1) {","            break;","        }","        process.env.PORT = process.env.PORT || '8081';","        console.error('server starting on port ' + process.env.PORT);","        local.http.createServer(function (request, response) {","            request.urlParsed = local.url.parse(request.url);","            if (local.assetsDict[request.urlParsed.pathname] !== undefined) {","                response.end(local.assetsDict[request.urlParsed.pathname]);","                return;","            }","            response.statusCode = 404;","            response.end();","        }).listen(process.env.PORT);","        break;","    }","}());",""],"l":{"26":2,"28":2,"33":2,"35":2,"37":2,"38":2,"39":2,"44":1,"51":2,"55":2,"59":2,"61":2,"69":1,"70":2,"76":2,"79":2,"82":2,"83":2,"85":1,"89":2,"92":1,"93":1,"94":1,"96":1,"97":1,"100":1,"101":1,"103":1,"106":1,"108":2,"114":1,"116":1,"118":1,"123":1,"124":2,"125":2,"126":3,"127":3,"128":3,"129":3,"130":1,"133":3,"134":3,"139":3,"143":1,"144":3,"145":1,"149":1,"150":1,"158":1,"160":1,"161":1,"162":1,"164":1,"166":1,"258":1,"259":1,"271":1,"274":6,"275":6,"277":1,"279":2,"281":1,"283":2,"288":1,"289":1,"291":1,"296":1,"303":1,"306":1,"307":1,"310":1,"311":1,"313":1,"314":1,"315":1,"316":1,"317":1,"318":1,"319":1,"321":1,"322":1,"324":1}},"/home/travis/build/npmtest/node-npmtest-ffmpeg/node_modules/ffmpeg/index.js":{"path":"/home/travis/build/npmtest/node-npmtest-ffmpeg/node_modules/ffmpeg/index.js","s":{"1":1},"b":{},"f":{},"fnMap":{},"statementMap":{"1":{"start":{"line":1,"column":0},"end":{"line":1,"column":41}}},"branchMap":{},"code":["module.exports = require('./lib/ffmpeg');"],"l":{"1":1}},"/home/travis/build/npmtest/node-npmtest-ffmpeg/node_modules/ffmpeg/lib/ffmpeg.js":{"path":"/home/travis/build/npmtest/node-npmtest-ffmpeg/node_modules/ffmpeg/lib/ffmpeg.js","s":{"1":1,"2":1,"3":1,"4":0,"5":0,"6":0,"7":0,"8":0,"9":0,"10":0,"11":0,"12":0,"13":0,"14":0,"15":0,"16":0,"17":0,"18":0,"19":0,"20":0,"21":0,"22":0,"23":0,"24":0,"25":0,"26":0,"27":0,"28":0,"29":0,"30":0,"31":0,"32":0,"33":0,"34":0,"35":0,"36":0,"37":0,"38":0,"39":0,"40":0,"41":0,"42":0,"43":0,"44":0,"45":0,"46":0,"47":0,"48":0,"49":0,"50":0,"51":0,"52":0,"53":0,"54":0,"55":0,"56":0,"57":0,"58":0,"59":0,"60":0,"61":0,"62":0,"63":0,"64":0,"65":0,"66":0,"67":0,"68":0,"69":0,"70":0,"71":0,"72":0,"73":0,"74":0,"75":0,"76":0,"77":0,"78":0,"79":0,"80":0,"81":0,"82":0,"83":0,"84":0,"85":0,"86":0,"87":0,"88":0,"89":1},"b":{"1":[0,0],"2":[0,0],"3":[0,0],"4":[0,0],"5":[0,0],"6":[0,0],"7":[0,0],"8":[0,0],"9":[0,0],"10":[0,0],"11":[0,0],"12":[0,0],"13":[0,0],"14":[0,0],"15":[0,0],"16":[0,0],"17":[0,0],"18":[0,0],"19":[0,0],"20":[0,0],"21":[0,0],"22":[0,0],"23":[0,0],"24":[0,0],"25":[0,0],"26":[0,0],"27":[0,0],"28":[0,0],"29":[0,0],"30":[0,0],"31":[0,0],"32":[0,0],"33":[0,0],"34":[0,0],"35":[0,0],"36":[0,0],"37":[0,0],"38":[0,0],"39":[0,0],"40":[0,0],"41":[0,0],"42":[0,0],"43":[0,0],"44":[0,0],"45":[0,0],"46":[0,0],"47":[0,0],"48":[0,0],"49":[0,0],"50":[0,0],"51":[0,0],"52":[0,0],"53":[0,0],"54":[0,0],"55":[0,0],"56":[0,0],"57":[0,0],"58":[0,0],"59":[0,0],"60":[0,0],"61":[0,0],"62":[0,0],"63":[0,0],"64":[0,0],"65":[0,0]},"f":{"1":0,"2":0,"3":0,"4":0,"5":0,"6":0,"7":0,"8":0,"9":0},"fnMap":{"1":{"name":"(anonymous_1)","line":9,"loc":{"start":{"line":9,"column":13},"end":{"line":9,"column":64}}},"2":{"name":"(anonymous_2)","line":14,"loc":{"start":{"line":14,"column":32},"end":{"line":14,"column":52}}},"3":{"name":"(anonymous_3)","line":20,"loc":{"start":{"line":20,"column":53},"end":{"line":20,"column":86}}},"4":{"name":"(anonymous_4)","line":61,"loc":{"start":{"line":61,"column":18},"end":{"line":61,"column":49}}},"5":{"name":"(anonymous_5)","line":65,"loc":{"start":{"line":65,"column":57},"end":{"line":65,"column":90}}},"6":{"name":"(anonymous_6)","line":181,"loc":{"start":{"line":181,"column":23},"end":{"line":181,"column":54}}},"7":{"name":"(anonymous_7)","line":190,"loc":{"start":{"line":190,"column":21},"end":{"line":190,"column":37}}},"8":{"name":"(anonymous_8)","line":224,"loc":{"start":{"line":224,"column":49},"end":{"line":224,"column":65}}},"9":{"name":"(anonymous_9)","line":233,"loc":{"start":{"line":233,"column":5},"end":{"line":233,"column":22}}}},"statementMap":{"1":{"start":{"line":1,"column":0},"end":{"line":2,"column":25}},"2":{"start":{"line":4,"column":0},"end":{"line":7,"column":32}},"3":{"start":{"line":9,"column":0},"end":{"line":249,"column":2}},"4":{"start":{"line":14,"column":1},"end":{"line":56,"column":2}},"5":{"start":{"line":16,"column":2},"end":{"line":16,"column":30}},"6":{"start":{"line":18,"column":2},"end":{"line":18,"column":85}},"7":{"start":{"line":20,"column":2},"end":{"line":53,"column":5}},"8":{"start":{"line":22,"column":3},"end":{"line":22,"column":57}},"9":{"start":{"line":24,"column":3},"end":{"line":32,"column":4}},"10":{"start":{"line":26,"column":4},"end":{"line":26,"column":71}},"11":{"start":{"line":28,"column":4},"end":{"line":31,"column":5}},"12":{"start":{"line":30,"column":5},"end":{"line":30,"column":84}},"13":{"start":{"line":34,"column":3},"end":{"line":34,"column":61}},"14":{"start":{"line":36,"column":3},"end":{"line":50,"column":4}},"15":{"start":{"line":38,"column":4},"end":{"line":38,"column":62}},"16":{"start":{"line":40,"column":4},"end":{"line":49,"column":5}},"17":{"start":{"line":42,"column":5},"end":{"line":43,"column":48}},"18":{"start":{"line":45,"column":5},"end":{"line":46,"column":36}},"19":{"start":{"line":46,"column":6},"end":{"line":46,"column":36}},"20":{"start":{"line":47,"column":5},"end":{"line":48,"column":36}},"21":{"start":{"line":48,"column":6},"end":{"line":48,"column":36}},"22":{"start":{"line":52,"column":3},"end":{"line":52,"column":28}},"23":{"start":{"line":55,"column":2},"end":{"line":55,"column":26}},"24":{"start":{"line":61,"column":1},"end":{"line":176,"column":2}},"25":{"start":{"line":63,"column":2},"end":{"line":63,"column":30}},"26":{"start":{"line":65,"column":2},"end":{"line":173,"column":5}},"27":{"start":{"line":67,"column":3},"end":{"line":90,"column":67}},"28":{"start":{"line":92,"column":3},"end":{"line":128,"column":5}},"29":{"start":{"line":130,"column":3},"end":{"line":146,"column":4}},"30":{"start":{"line":131,"column":4},"end":{"line":131,"column":43}},"31":{"start":{"line":132,"column":4},"end":{"line":132,"column":55}},"32":{"start":{"line":133,"column":4},"end":{"line":133,"column":55}},"33":{"start":{"line":134,"column":4},"end":{"line":134,"column":40}},"34":{"start":{"line":135,"column":4},"end":{"line":135,"column":83}},"35":{"start":{"line":138,"column":4},"end":{"line":145,"column":5}},"36":{"start":{"line":139,"column":5},"end":{"line":139,"column":78}},"37":{"start":{"line":141,"column":5},"end":{"line":141,"column":61}},"38":{"start":{"line":142,"column":5},"end":{"line":142,"column":61}},"39":{"start":{"line":143,"column":5},"end":{"line":143,"column":77}},"40":{"start":{"line":144,"column":5},"end":{"line":144,"column":84}},"41":{"start":{"line":148,"column":3},"end":{"line":160,"column":4}},"42":{"start":{"line":149,"column":4},"end":{"line":149,"column":37}},"43":{"start":{"line":150,"column":4},"end":{"line":150,"column":41}},"44":{"start":{"line":151,"column":4},"end":{"line":151,"column":94}},"45":{"start":{"line":153,"column":4},"end":{"line":159,"column":5}},"46":{"start":{"line":154,"column":5},"end":{"line":154,"column":35}},"47":{"start":{"line":155,"column":5},"end":{"line":155,"column":25}},"48":{"start":{"line":157,"column":5},"end":{"line":157,"column":32}},"49":{"start":{"line":158,"column":5},"end":{"line":158,"column":27}},"50":{"start":{"line":162,"column":3},"end":{"line":170,"column":4}},"51":{"start":{"line":163,"column":4},"end":{"line":169,"column":5}},"52":{"start":{"line":164,"column":5},"end":{"line":164,"column":91}},"53":{"start":{"line":165,"column":5},"end":{"line":165,"column":59}},"54":{"start":{"line":167,"column":5},"end":{"line":167,"column":59}},"55":{"start":{"line":168,"column":5},"end":{"line":168,"column":91}},"56":{"start":{"line":172,"column":3},"end":{"line":172,"column":25}},"57":{"start":{"line":175,"column":2},"end":{"line":175,"column":26}},"58":{"start":{"line":181,"column":1},"end":{"line":188,"column":2}},"59":{"start":{"line":182,"column":2},"end":{"line":182,"column":21}},"60":{"start":{"line":184,"column":2},"end":{"line":184,"column":53}},"61":{"start":{"line":185,"column":2},"end":{"line":185,"column":50}},"62":{"start":{"line":187,"column":2},"end":{"line":187,"column":29}},"63":{"start":{"line":190,"column":1},"end":{"line":246,"column":2}},"64":{"start":{"line":192,"column":2},"end":{"line":193,"column":52}},"65":{"start":{"line":193,"column":3},"end":{"line":193,"column":52}},"66":{"start":{"line":195,"column":2},"end":{"line":196,"column":61}},"67":{"start":{"line":196,"column":3},"end":{"line":196,"column":61}},"68":{"start":{"line":198,"column":2},"end":{"line":198,"column":30}},"69":{"start":{"line":200,"column":2},"end":{"line":201,"column":51}},"70":{"start":{"line":201,"column":3},"end":{"line":201,"column":51}},"71":{"start":{"line":204,"column":2},"end":{"line":204,"column":31}},"72":{"start":{"line":206,"column":2},"end":{"line":206,"column":22}},"73":{"start":{"line":209,"column":2},"end":{"line":219,"column":3}},"74":{"start":{"line":211,"column":3},"end":{"line":218,"column":4}},"75":{"start":{"line":213,"column":5},"end":{"line":213,"column":42}},"76":{"start":{"line":214,"column":5},"end":{"line":214,"column":11}},"77":{"start":{"line":216,"column":5},"end":{"line":216,"column":24}},"78":{"start":{"line":217,"column":5},"end":{"line":217,"column":11}},"79":{"start":{"line":222,"column":2},"end":{"line":222,"column":83}},"80":{"start":{"line":224,"column":2},"end":{"line":242,"column":5}},"81":{"start":{"line":226,"column":3},"end":{"line":232,"column":4}},"82":{"start":{"line":228,"column":4},"end":{"line":228,"column":73}},"83":{"start":{"line":231,"column":4},"end":{"line":231,"column":75}},"84":{"start":{"line":235,"column":3},"end":{"line":241,"column":4}},"85":{"start":{"line":237,"column":4},"end":{"line":237,"column":26}},"86":{"start":{"line":240,"column":4},"end":{"line":240,"column":27}},"87":{"start":{"line":245,"column":2},"end":{"line":245,"column":26}},"88":{"start":{"line":248,"column":1},"end":{"line":248,"column":44}},"89":{"start":{"line":251,"column":0},"end":{"line":251,"column":24}}},"branchMap":{"1":{"line":24,"type":"if","locations":[{"start":{"line":24,"column":3},"end":{"line":24,"column":3}},{"start":{"line":24,"column":3},"end":{"line":24,"column":3}}]},"2":{"line":40,"type":"if","locations":[{"start":{"line":40,"column":4},"end":{"line":40,"column":4}},{"start":{"line":40,"column":4},"end":{"line":40,"column":4}}]},"3":{"line":45,"type":"if","locations":[{"start":{"line":45,"column":5},"end":{"line":45,"column":5}},{"start":{"line":45,"column":5},"end":{"line":45,"column":5}}]},"4":{"line":45,"type":"binary-expr","locations":[{"start":{"line":45,"column":9},"end":{"line":45,"column":21}},{"start":{"line":45,"column":25},"end":{"line":45,"column":38}}]},"5":{"line":47,"type":"if","locations":[{"start":{"line":47,"column":5},"end":{"line":47,"column":5}},{"start":{"line":47,"column":5},"end":{"line":47,"column":5}}]},"6":{"line":47,"type":"binary-expr","locations":[{"start":{"line":47,"column":9},"end":{"line":47,"column":21}},{"start":{"line":47,"column":25},"end":{"line":47,"column":38}}]},"7":{"line":67,"type":"binary-expr","locations":[{"start":{"line":67,"column":19},"end":{"line":67,"column":47}},{"start":{"line":67,"column":51},"end":{"line":67,"column":53}}]},"8":{"line":68,"type":"binary-expr","locations":[{"start":{"line":68,"column":17},"end":{"line":68,"column":54}},{"start":{"line":68,"column":58},"end":{"line":68,"column":60}}]},"9":{"line":69,"type":"binary-expr","locations":[{"start":{"line":69,"column":18},"end":{"line":69,"column":49}},{"start":{"line":69,"column":53},"end":{"line":69,"column":55}}]},"10":{"line":70,"type":"binary-expr","locations":[{"start":{"line":70,"column":17},"end":{"line":70,"column":47}},{"start":{"line":70,"column":51},"end":{"line":70,"column":53}}]},"11":{"line":71,"type":"binary-expr","locations":[{"start":{"line":71,"column":17},"end":{"line":71,"column":47}},{"start":{"line":71,"column":51},"end":{"line":71,"column":53}}]},"12":{"line":72,"type":"binary-expr","locations":[{"start":{"line":72,"column":16},"end":{"line":72,"column":45}},{"start":{"line":72,"column":49},"end":{"line":72,"column":51}}]},"13":{"line":74,"type":"binary-expr","locations":[{"start":{"line":74,"column":19},"end":{"line":74,"column":85}},{"start":{"line":74,"column":89},"end":{"line":74,"column":91}}]},"14":{"line":76,"type":"binary-expr","locations":[{"start":{"line":76,"column":20},"end":{"line":76,"column":60}},{"start":{"line":76,"column":64},"end":{"line":76,"column":66}}]},"15":{"line":77,"type":"binary-expr","locations":[{"start":{"line":77,"column":23},"end":{"line":77,"column":61}},{"start":{"line":77,"column":65},"end":{"line":77,"column":67}}]},"16":{"line":78,"type":"binary-expr","locations":[{"start":{"line":78,"column":22},"end":{"line":78,"column":83}},{"start":{"line":78,"column":87},"end":{"line":78,"column":89}}]},"17":{"line":79,"type":"binary-expr","locations":[{"start":{"line":79,"column":22},"end":{"line":79,"column":51}},{"start":{"line":79,"column":55},"end":{"line":79,"column":57}}]},"18":{"line":80,"type":"binary-expr","locations":[{"start":{"line":80,"column":21},"end":{"line":80,"column":63}},{"start":{"line":80,"column":67},"end":{"line":80,"column":69}}]},"19":{"line":81,"type":"binary-expr","locations":[{"start":{"line":81,"column":17},"end":{"line":81,"column":49}},{"start":{"line":81,"column":53},"end":{"line":81,"column":55}}]},"20":{"line":82,"type":"binary-expr","locations":[{"start":{"line":82,"column":18},"end":{"line":82,"column":47}},{"start":{"line":82,"column":51},"end":{"line":82,"column":53}}]},"21":{"line":83,"type":"binary-expr","locations":[{"start":{"line":83,"column":16},"end":{"line":83,"column":55}},{"start":{"line":83,"column":59},"end":{"line":83,"column":61}}]},"22":{"line":85,"type":"binary-expr","locations":[{"start":{"line":85,"column":22},"end":{"line":85,"column":83}},{"start":{"line":85,"column":87},"end":{"line":85,"column":89}}]},"23":{"line":86,"type":"binary-expr","locations":[{"start":{"line":86,"column":22},"end":{"line":86,"column":51}},{"start":{"line":86,"column":55},"end":{"line":86,"column":57}}]},"24":{"line":87,"type":"binary-expr","locations":[{"start":{"line":87,"column":22},"end":{"line":87,"column":49}},{"start":{"line":87,"column":53},"end":{"line":87,"column":55}}]},"25":{"line":88,"type":"binary-expr","locations":[{"start":{"line":88,"column":19},"end":{"line":88,"column":56}},{"start":{"line":88,"column":60},"end":{"line":88,"column":62}}]},"26":{"line":89,"type":"binary-expr","locations":[{"start":{"line":89,"column":23},"end":{"line":89,"column":61}},{"start":{"line":89,"column":65},"end":{"line":89,"column":67}}]},"27":{"line":90,"type":"binary-expr","locations":[{"start":{"line":90,"column":18},"end":{"line":90,"column":60}},{"start":{"line":90,"column":64},"end":{"line":90,"column":66}}]},"28":{"line":93,"type":"binary-expr","locations":[{"start":{"line":93,"column":16},"end":{"line":93,"column":27}},{"start":{"line":93,"column":31},"end":{"line":93,"column":33}}]},"29":{"line":94,"type":"binary-expr","locations":[{"start":{"line":94,"column":17},"end":{"line":94,"column":25}},{"start":{"line":94,"column":29},"end":{"line":94,"column":31}}]},"30":{"line":95,"type":"binary-expr","locations":[{"start":{"line":95,"column":18},"end":{"line":95,"column":27}},{"start":{"line":95,"column":31},"end":{"line":95,"column":33}}]},"31":{"line":96,"type":"binary-expr","locations":[{"start":{"line":96,"column":17},"end":{"line":96,"column":25}},{"start":{"line":96,"column":29},"end":{"line":96,"column":31}}]},"32":{"line":97,"type":"binary-expr","locations":[{"start":{"line":97,"column":17},"end":{"line":97,"column":25}},{"start":{"line":97,"column":29},"end":{"line":97,"column":31}}]},"33":{"line":98,"type":"binary-expr","locations":[{"start":{"line":98,"column":16},"end":{"line":98,"column":23}},{"start":{"line":98,"column":27},"end":{"line":98,"column":29}}]},"34":{"line":101,"type":"binary-expr","locations":[{"start":{"line":101,"column":12},"end":{"line":101,"column":23}},{"start":{"line":101,"column":27},"end":{"line":101,"column":29}}]},"35":{"line":102,"type":"cond-expr","locations":[{"start":{"line":102,"column":32},"end":{"line":102,"column":68}},{"start":{"line":102,"column":71},"end":{"line":102,"column":72}}]},"36":{"line":105,"type":"binary-expr","locations":[{"start":{"line":105,"column":19},"end":{"line":105,"column":31}},{"start":{"line":105,"column":35},"end":{"line":105,"column":37}}]},"37":{"line":106,"type":"cond-expr","locations":[{"start":{"line":106,"column":50},"end":{"line":106,"column":80}},{"start":{"line":106,"column":83},"end":{"line":106,"column":84}}]},"38":{"line":107,"type":"cond-expr","locations":[{"start":{"line":107,"column":46},"end":{"line":107,"column":73}},{"start":{"line":107,"column":76},"end":{"line":107,"column":79}}]},"39":{"line":108,"type":"binary-expr","locations":[{"start":{"line":108,"column":19},"end":{"line":108,"column":33}},{"start":{"line":108,"column":37},"end":{"line":108,"column":39}}]},"40":{"line":110,"type":"cond-expr","locations":[{"start":{"line":110,"column":34},"end":{"line":110,"column":61}},{"start":{"line":110,"column":64},"end":{"line":110,"column":65}}]},"41":{"line":111,"type":"cond-expr","locations":[{"start":{"line":111,"column":37},"end":{"line":111,"column":64}},{"start":{"line":111,"column":67},"end":{"line":111,"column":68}}]},"42":{"line":115,"type":"cond-expr","locations":[{"start":{"line":115,"column":40},"end":{"line":115,"column":63}},{"start":{"line":115,"column":66},"end":{"line":115,"column":67}}]},"43":{"line":116,"type":"cond-expr","locations":[{"start":{"line":116,"column":35},"end":{"line":116,"column":53}},{"start":{"line":116,"column":56},"end":{"line":116,"column":59}}]},"44":{"line":119,"type":"binary-expr","locations":[{"start":{"line":119,"column":16},"end":{"line":119,"column":30}},{"start":{"line":119,"column":34},"end":{"line":119,"column":36}}]},"45":{"line":120,"type":"binary-expr","locations":[{"start":{"line":120,"column":21},"end":{"line":120,"column":37}},{"start":{"line":120,"column":41},"end":{"line":120,"column":43}}]},"46":{"line":121,"type":"cond-expr","locations":[{"start":{"line":121,"column":49},"end":{"line":121,"column":77}},{"start":{"line":121,"column":80},"end":{"line":121,"column":81}}]},"47":{"line":122,"type":"cond-expr","locations":[{"start":{"line":122,"column":46},"end":{"line":122,"column":73}},{"start":{"line":122,"column":76},"end":{"line":122,"column":79}}]},"48":{"line":124,"type":"binary-expr","locations":[{"start":{"line":124,"column":13},"end":{"line":124,"column":24}},{"start":{"line":124,"column":28},"end":{"line":124,"column":30}}]},"49":{"line":125,"type":"cond-expr","locations":[{"start":{"line":125,"column":42},"end":{"line":125,"column":84}},{"start":{"line":125,"column":88},"end":{"line":125,"column":90}}]},"50":{"line":125,"type":"binary-expr","locations":[{"start":{"line":125,"column":42},"end":{"line":125,"column":79}},{"start":{"line":125,"column":83},"end":{"line":125,"column":84}}]},"51":{"line":130,"type":"if","locations":[{"start":{"line":130,"column":3},"end":{"line":130,"column":3}},{"start":{"line":130,"column":3},"end":{"line":130,"column":3}}]},"52":{"line":138,"type":"if","locations":[{"start":{"line":138,"column":4},"end":{"line":138,"column":4}},{"start":{"line":138,"column":4},"end":{"line":138,"column":4}}]},"53":{"line":148,"type":"if","locations":[{"start":{"line":148,"column":3},"end":{"line":148,"column":3}},{"start":{"line":148,"column":3},"end":{"line":148,"column":3}}]},"54":{"line":153,"type":"if","locations":[{"start":{"line":153,"column":4},"end":{"line":153,"column":4}},{"start":{"line":153,"column":4},"end":{"line":153,"column":4}}]},"55":{"line":162,"type":"if","locations":[{"start":{"line":162,"column":3},"end":{"line":162,"column":3}},{"start":{"line":162,"column":3},"end":{"line":162,"column":3}}]},"56":{"line":162,"type":"binary-expr","locations":[{"start":{"line":162,"column":7},"end":{"line":162,"column":28}},{"start":{"line":162,"column":32},"end":{"line":162,"column":53}}]},"57":{"line":163,"type":"if","locations":[{"start":{"line":163,"column":4},"end":{"line":163,"column":4}},{"start":{"line":163,"column":4},"end":{"line":163,"column":4}}]},"58":{"line":192,"type":"if","locations":[{"start":{"line":192,"column":2},"end":{"line":192,"column":2}},{"start":{"line":192,"column":2},"end":{"line":192,"column":2}}]},"59":{"line":192,"type":"binary-expr","locations":[{"start":{"line":192,"column":6},"end":{"line":192,"column":22}},{"start":{"line":192,"column":26},"end":{"line":192,"column":46}}]},"60":{"line":195,"type":"if","locations":[{"start":{"line":195,"column":2},"end":{"line":195,"column":2}},{"start":{"line":195,"column":2},"end":{"line":195,"column":2}}]},"61":{"line":200,"type":"if","locations":[{"start":{"line":200,"column":2},"end":{"line":200,"column":2}},{"start":{"line":200,"column":2},"end":{"line":200,"column":2}}]},"62":{"line":211,"type":"switch","locations":[{"start":{"line":212,"column":4},"end":{"line":214,"column":11}},{"start":{"line":215,"column":4},"end":{"line":217,"column":11}}]},"63":{"line":222,"type":"cond-expr","locations":[{"start":{"line":222,"column":49},"end":{"line":222,"column":61}},{"start":{"line":222,"column":64},"end":{"line":222,"column":82}}]},"64":{"line":226,"type":"if","locations":[{"start":{"line":226,"column":3},"end":{"line":226,"column":3}},{"start":{"line":226,"column":3},"end":{"line":226,"column":3}}]},"65":{"line":235,"type":"if","locations":[{"start":{"line":235,"column":3},"end":{"line":235,"column":3}},{"start":{"line":235,"column":3},"end":{"line":235,"column":3}}]}},"code":["var when\t\t= require('when')","  , fs\t\t\t= require('fs');","","var errors\t\t= require('./errors')","  , utils\t\t= require('./utils')","  , configs\t\t= require('./configs')","  , video\t\t= require('./video');","","var ffmpeg = function (/* inputFilepath, settings, callback */) {","","\t/**","\t * Retrieve the list of the codec supported by the ffmpeg software","\t */","\tvar _ffmpegInfoConfiguration = function (settings) {","\t\t// New 'promise' instance ","\t\tvar deferred = when.defer();","\t\t// Instance the new arrays for the format","\t\tvar format = { modules : new Array(), encode : new Array(), decode : new Array() };","\t\t// Make the call to retrieve information about the ffmpeg","\t\tutils.exec(['ffmpeg','-formats','2>&1'], settings, function (error, stdout, stderr) {","\t\t\t// Get the list of modules","\t\t\tvar configuration = /configuration:(.*)/.exec(stdout);","\t\t\t// Check if exists the configuration","\t\t\tif (configuration) {","\t\t\t\t// Get the list of modules","\t\t\t\tvar modules = configuration[1].match(/--enable-([a-zA-Z0-9\\-]+)/g);","\t\t\t\t// Scan all modules","\t\t\t\tfor (var indexModule in modules) {","\t\t\t\t\t// Add module to the list","\t\t\t\t\tformat.modules.push(/--enable-([a-zA-Z0-9\\-]+)/.exec(modules[indexModule])[1]);","\t\t\t\t}","\t\t\t}","\t\t\t// Get the codec list","\t\t\tvar codecList = stdout.match(/ (DE|D|E) (.*) {1,} (.*)/g);","\t\t\t// Scan all codec","\t\t\tfor (var i in codecList) {","\t\t\t\t// Get the match value","\t\t\t\tvar match = / (DE|D|E) (.*) {1,} (.*)/.exec(codecList[i]);","\t\t\t\t// Check if match is valid","\t\t\t\tif (match) {","\t\t\t\t\t// Get the value from the match","\t\t\t\t\tvar scope = match[1].replace(/\\s/g,'')","\t\t\t\t\t  , extension = match[2].replace(/\\s/g,'');","\t\t\t\t\t// Check which scope is best suited","\t\t\t\t\tif (scope == 'D' || scope == 'DE')","\t\t\t\t\t\tformat.decode.push(extension);","\t\t\t\t\tif (scope == 'E' || scope == 'DE')","\t\t\t\t\t\tformat.encode.push(extension);","\t\t\t\t}","\t\t\t}","\t\t\t// Returns the list of supported formats","\t\t\tdeferred.resolve(format);","\t\t});","\t\t// Return 'promise' instance ","\t\treturn deferred.promise;","\t}","\t","\t/**","\t * Get the video info","\t */","\tvar _videoInfo = function (fileInput, settings) {","\t\t// New 'promise' instance ","\t\tvar deferred = when.defer();","\t\t// Make the call to retrieve information about the ffmpeg","\t\tutils.exec(['ffmpeg','-i',fileInput,'2>&1'], settings, function (error, stdout, stderr) {","\t\t\t// Perse output for retrieve the file info","\t\t\tvar filename\t\t= /from \\'(.*)\\'/.exec(stdout) || []","\t\t\t  , title\t\t\t= /(INAM|title)\\s+:\\s(.+)/.exec(stdout) || []","\t\t\t  , artist\t\t\t= /artist\\s+:\\s(.+)/.exec(stdout) || []","\t\t\t  , album\t\t\t= /album\\s+:\\s(.+)/.exec(stdout) || []","\t\t\t  , track\t\t\t= /track\\s+:\\s(.+)/.exec(stdout) || []","\t\t\t  , date\t\t\t= /date\\s+:\\s(.+)/.exec(stdout) || []","\t\t\t  , is_synched\t\t= (/start: 0.000000/.exec(stdout) !== null)","\t\t\t  , duration\t\t= /Duration: (([0-9]+):([0-9]{2}):([0-9]{2}).([0-9]+))/.exec(stdout) || []","\t\t\t  ","\t\t\t  , container\t\t= /Input #0, ([a-zA-Z0-9]+),/.exec(stdout) || []","\t\t\t  , video_bitrate\t= /bitrate: ([0-9]+) kb\\/s/.exec(stdout) || []","\t\t\t  , video_stream\t= /Stream #([0-9\\.]+)([a-z0-9\\(\\)\\[\\]]*)[:] Video/.exec(stdout) || []","\t\t\t  , video_codec\t\t= /Video: ([\\w]+)/.exec(stdout) || []","\t\t\t  , resolution\t\t= /(([0-9]{2,5})x([0-9]{2,5}))/.exec(stdout) || []","\t\t\t  , pixel\t\t\t= /[SP]AR ([0-9\\:]+)/.exec(stdout) || []","\t\t\t  , aspect\t\t\t= /DAR ([0-9\\:]+)/.exec(stdout) || []","\t\t\t  , fps\t\t\t\t= /([0-9\\.]+) (fps|tb\\(r\\))/.exec(stdout) || []","\t\t\t  ","\t\t\t  , audio_stream\t= /Stream #([0-9\\.]+)([a-z0-9\\(\\)\\[\\]]*)[:] Audio/.exec(stdout) || []","\t\t\t  , audio_codec\t\t= /Audio: ([\\w]+)/.exec(stdout) || []","\t\t\t  , sample_rate\t\t= /([0-9]+) Hz/i.exec(stdout) || []","\t\t\t  , channels\t\t= /Audio:.* (stereo|mono)/.exec(stdout) || []","\t\t\t  , audio_bitrate\t= /Audio:.* ([0-9]+) kb\\/s/.exec(stdout) || []","\t\t\t  , rotate\t\t\t= /rotate[\\s]+:[\\s]([\\d]{2,3})/.exec(stdout) || [];","\t\t\t// Build return object","\t\t\tvar ret = { ","\t\t\t\tfilename\t\t: filename[1] || ''","\t\t\t  , title\t\t\t: title[2] || ''","\t\t\t  , artist\t\t\t: artist[1] || ''","\t\t\t  , album\t\t\t: album[1] || ''","\t\t\t  , track\t\t\t: track[1] || ''","\t\t\t  , date\t\t\t: date[1] || ''","\t\t\t  , synched\t\t\t: is_synched","\t\t\t  , duration\t\t: {","\t\t\t\t\traw\t\t: duration[1] || ''","\t\t\t\t  , seconds\t: duration[1] ? utils.durationToSeconds(duration[1]) : 0","\t\t\t\t}","\t\t\t  , video\t\t\t: {","\t\t\t\t\tcontainer\t\t\t: container[1] || ''","\t\t\t\t  , bitrate\t\t\t\t: (video_bitrate.length > 1) ? parseInt(video_bitrate[1], 10) : 0","\t\t\t\t  , stream\t\t\t\t: video_stream.length > 1 ? parseFloat(video_stream[1]) : 0.0","\t\t\t\t  , codec\t\t\t\t: video_codec[1] || ''","\t\t\t\t  , resolution\t\t\t: {","\t\t\t\t\t\tw : resolution.length > 2 ? parseInt(resolution[2], 10) : 0","\t\t\t\t\t  , h : resolution.length > 3 ? parseInt(resolution[3], 10) : 0","\t\t\t\t\t}","\t\t\t\t  , resolutionSquare\t: {}","\t\t\t\t  , aspect\t\t\t\t: {}","\t\t\t\t  , rotate\t\t\t\t: rotate.length > 1 ? parseInt(rotate[1], 10) : 0","\t\t\t\t  , fps\t\t\t\t\t: fps.length > 1 ? parseFloat(fps[1]) : 0.0","\t\t\t\t}","\t\t\t  , audio\t\t\t: {","\t\t\t\t\tcodec\t\t\t\t: audio_codec[1] || ''","\t\t\t\t  , bitrate\t\t\t\t: audio_bitrate[1] || ''","\t\t\t\t  , sample_rate\t\t\t: sample_rate.length > 1 ? parseInt(sample_rate[1], 10) : 0","\t\t\t\t  , stream\t\t\t\t: audio_stream.length > 1 ? parseFloat(audio_stream[1]) : 0.0","\t\t\t\t  , channels\t\t\t: {","\t\t\t\t\t\traw\t\t: channels[1] || ''","\t\t\t\t\t  , value\t: (channels.length > 0) ? ({ stereo : 2, mono : 1 }[channels[1]] || 0) : ''","\t\t\t\t\t}","\t\t\t\t}","\t\t\t};","\t\t\t// Check if exist aspect ratio","\t\t\tif (aspect.length > 0) {","\t\t\t\tvar aspectValue = aspect[1].split(\":\");","\t\t\t\tret.video.aspect.x\t\t= parseInt(aspectValue[0], 10);","\t\t\t\tret.video.aspect.y\t\t= parseInt(aspectValue[1], 10);","\t\t\t\tret.video.aspect.string = aspect[1];","\t\t\t\tret.video.aspect.value\t= parseFloat((ret.video.aspect.x / ret.video.aspect.y));","\t\t\t} else {","\t\t\t\t// If exists horizontal resolution then calculate aspect ratio","\t\t\t\tif(ret.video.resolution.w > 0) {","\t\t\t\t\tvar gcdValue = utils.gcd(ret.video.resolution.w, ret.video.resolution.h);","\t\t\t\t\t// Calculate aspect ratio","\t\t\t\t\tret.video.aspect.x\t\t= ret.video.resolution.w / gcdValue;","\t\t\t\t\tret.video.aspect.y\t\t= ret.video.resolution.h / gcdValue;","\t\t\t\t\tret.video.aspect.string = ret.video.aspect.x + ':' + ret.video.aspect.y;","\t\t\t\t\tret.video.aspect.value\t= parseFloat((ret.video.aspect.x / ret.video.aspect.y));","\t\t\t\t}","\t\t\t}","\t\t\t// Save pixel ratio for output size calculation","\t\t\tif (pixel.length > 0) {","\t\t\t\tret.video.pixelString = pixel[1];","\t\t\t\tvar pixelValue = pixel[1].split(\":\");","\t\t\t\tret.video.pixel = parseFloat((parseInt(pixelValue[0], 10) / parseInt(pixelValue[1], 10)));","\t\t\t} else {","\t\t\t\tif (ret.video.resolution.w !== 0) {","\t\t\t\t\tret.video.pixelString = '1:1';","\t\t\t\t\tret.video.pixel = 1;","\t\t\t\t} else {","\t\t\t\t\tret.video.pixelString = '';","\t\t\t\t\tret.video.pixel = 0.0;","\t\t\t\t}","\t\t\t}","\t\t\t// Correct video.resolution when pixel aspectratio is not 1","\t\t\tif (ret.video.pixel !== 1 || ret.video.pixel !== 0) {","\t\t\t\tif( ret.video.pixel > 1 ) {","\t\t\t\t\tret.video.resolutionSquare.w = parseInt(ret.video.resolution.w * ret.video.pixel, 10);","\t\t\t\t\tret.video.resolutionSquare.h = ret.video.resolution.h;","\t\t\t\t} else {","\t\t\t\t\tret.video.resolutionSquare.w = ret.video.resolution.w;","\t\t\t\t\tret.video.resolutionSquare.h = parseInt(ret.video.resolution.h / ret.video.pixel, 10);","\t\t\t\t}","\t\t\t}","\t\t\t// Returns the list of supported formats","\t\t\tdeferred.resolve(ret);","\t\t});","\t\t// Return 'promise' instance ","\t\treturn deferred.promise;","\t}","\t","\t/**","\t * Get the info about ffmpeg's codec and about file","\t */","\tvar _getInformation = function (fileInput, settings) {","\t\tvar deferreds = [];","\t\t// Add promise","\t\tdeferreds.push(_ffmpegInfoConfiguration(settings));","\t\tdeferreds.push(_videoInfo(fileInput, settings));","\t\t// Return defer","\t\treturn when.all(deferreds);","\t}","","\tvar __constructor = function (args) {","\t\t// Check if exist at least one option","\t\tif (args.length == 0 || args[0] == undefined)","\t\t\tthrow errors.renderError('empty_input_filepath');","\t\t// Check if first argument is a string","\t\tif (typeof args[0] != 'string')","\t\t\tthrow errors.renderError('input_filepath_must_be_string');","\t\t// Get the input filepath","\t\tvar inputFilepath = args[0];","\t\t// Check if file exist","\t\tif (!fs.existsSync(inputFilepath))","\t\t\tthrow errors.renderError('fileinput_not_exist');","\t\t","\t\t// New instance of the base configuration","\t\tvar settings = new configs();","\t\t// Callback to call","\t\tvar callback = null;","\t\t","\t\t// Scan all arguments","\t\t
[...]
.renderError('resolution_square_not_defined');","\t\t\t","\t\t\t// Apply the resolutionSquare","\t\t\treferrerResolution = this.metadata.video.resolutionSquare;","\t\t}","\t\t","\t\t// Final data","\t\tvar width\t= null","\t\t  , height\t= null","\t\t  , aspect\t= null;","","\t\t// Regex to check which type of dimension was specified","\t\tvar fixedWidth\t\t= /([0-9]+)x\\?/.exec(options.video.size)","\t\t  , fixedHeight\t\t= /\\?x([0-9]+)/.exec(options.video.size)","\t\t  , percentage\t\t= /([0-9]{1,2})%/.exec(options.video.size)","\t\t  , classicSize\t\t= /([0-9]+)x([0-9]+)/.exec(options.video.size);","\t\t  ","\t\tif (fixedWidth) {","\t\t\t// Set the width dimension","\t\t\twidth = parseInt(fixedWidth[1], 10);\t\t\t","\t\t\t// Check if the video has the aspect ratio setted","\t\t\tif (!utils.isEmptyObj(this.metadata.video.aspect)) {","\t\t\t\theight = Math.round((width / this.metadata.video.aspect.x) * this.metadata.video.aspect.y);","\t\t\t} else {","\t\t\t\t// Calculte the new height","\t\t\t\theight = Math.round(referrerResolution.h / (referrerResolution.w / parseInt(fixedWidth[1], 10)));","\t\t\t}","\t\t} else if (fixedHeight) {","\t\t\t// Set the width dimension","\t\t\theight = parseInt(fixedHeight[1], 10);\t\t\t","\t\t\t// Check if the video has the aspect ratio setted","\t\t\tif (!utils.isEmptyObj(this.metadata.video.aspect)) {","\t\t\t\twidth = Math.round((height / this.metadata.video.aspect.y) * this.metadata.video.aspect.x);","\t\t\t} else {","\t\t\t\t// Calculte the new width","\t\t\t\twidth = Math.round(referrerResolution.w / (referrerResolution.h / parseInt(fixedHeight[1], 10)));","\t\t\t}\t\t\t","\t\t} else if (percentage) {","\t\t\t// Calculte the ratio from percentage","\t\t\tvar ratio = parseInt(percentage[1], 10) / 100;","\t\t\t// Calculate the new dimensions","\t\t\twidth = Math.round(referrerResolution.w * ratio);","\t\t\theight = Math.round(referrerResolution.h * ratio);","\t\t} else if (classicSize) {","\t\t\twidth = parseInt(classicSize[1], 10);","\t\t\theight = parseInt(classicSize[2], 10);","\t\t} else ","\t\t\tthrow errors.renderError('size_format', options.video.size);","\t\t","\t\t// If the width or height are not multiples of 2 will be decremented by one unit","\t\tif (width % 2 != 0) width -= 1;","\t\tif (height % 2 != 0) height -= 1;","\t\t","\t\tif (keepAspectRatio) {","\t\t\t// Calculate the new aspect ratio","\t\t\tvar gcdValue\t= utils.gcd(width, height);","\t\t\t","\t\t\taspect = new Object();","\t\t\taspect.x = width / gcdValue;","\t\t\taspect.y = height / gcdValue;","\t\t\taspect.string = aspect.x + ':' + aspect.y;","\t\t}","\t\t","\t\treturn { width : width, height : height, aspect : aspect };","\t}","\t","\t/**","\t * Executing the commands list","\t */","\tvar execCommand = function (callback, folder) {","\t\t// Checking if folder is defined","\t\tvar onlyDestinationFile = folder != undefined ? false : true;","\t\t// Building the value for return value. Check if the callback is not a function. In this case will created a new instance of the deferred class","\t\tvar deferred = typeof callback != 'function' ? when.defer() : { promise : null };","\t\t// Create a copy of the commands list","\t\tvar finalCommands = ['ffmpeg -i']","\t\t\t.concat(inputs.join(' -i '))","\t\t\t.concat(commands.join(' '))","\t\t\t.concat(filtersComlpex.length > 0 ? ['-filter_complex \"'].concat(filtersComlpex.join(', ')).join('') + '\"' : [])","\t\t\t.concat([output]);","\t\t// Reset commands","\t\tresetCommands(this);","\t\t// Execute the commands from the list","\t\tutils.exec(finalCommands, settings, function (error, stdout, stderr) {","\t\t\t// Building the result","\t\t\tvar result = null;","\t\t\tif (!error) {","\t\t\t\t// Check if show only destination filename or the complete file list","\t\t\t\tif (onlyDestinationFile) {","\t\t\t\t\tresult = finalCommands[finalCommands.length-1];","\t\t\t\t} else {","\t\t\t\t\t// Clean possible \"/\" at the end of the string","\t\t\t\t\tif (folder.charAt(folder.length-1) == \"/\")","\t\t\t\t\t\tfolder = folder.substr(0, folder.length-1);","\t\t\t\t\t// Read file list inside the folder","\t\t\t\t\tresult = fs.readdirSync(folder);","\t\t\t\t\t// Scan all file and prepend the folder path","\t\t\t\t\tfor (var i in result)","\t\t\t\t\t\tresult[i] = [folder, result[i]].join('/')","\t\t\t\t}","\t\t\t}","\t\t\t// Check if the callback is a function","\t\t\tif (typeof callback == 'function') {","\t\t\t\t// Call the callback to return the info","\t\t\t\tcallback(error, result);","\t\t\t} else {","\t\t\t\tif (error) {","\t\t\t\t\t// Negative response","\t\t\t\t\tdeferred.reject(error);","\t\t\t\t} else {","\t\t\t\t\t// Positive response","\t\t\t\t\tdeferred.resolve(result);","\t\t\t\t}","\t\t\t}","\t\t});","\t\t// Return a possible promise instance","\t\treturn deferred.promise;","\t}","\t","\t/*******************/","\t/* PRESET FUNCTION */","\t/*******************/","\t","\t/**","\t * Extracting sound from a video, and save it as Mp3","\t */","\tthis.fnExtractSoundToMP3 = function (destionationFileName, callback) {","\t\t// Check if file already exists. In this case will remove it","\t\tif (fs.existsSync(destionationFileName)) ","\t\t\tfs.unlinkSync(destionationFileName);","","\t\t// Building the final path","\t\tvar destinationDirName\t\t= path.dirname(destionationFileName)","\t\t  , destinationFileNameWE\t= path.basename(destionationFileName, path.extname(destionationFileName)) + '.mp3'","\t\t  , finalPath\t\t\t\t= path.join(destinationDirName, destinationFileNameWE);","\t\t","\t\tresetCommands(this);","\t\t","\t\t// Adding commands to the list","\t\tthis.addCommand('-vn');","\t\tthis.addCommand('-ar', 44100);","\t\tthis.addCommand('-ac', 2);","\t\tthis.addCommand('-ab', 192);","\t\tthis.addCommand('-f', 'mp3');","\t\t","\t\t// Add destination file path to the command list","\t\tsetOutput(finalPath);","\t\t","\t\t// Executing the commands list","\t\treturn execCommand.call(this, callback);","\t}","\t","\t/**","\t * Extract frame from video file","\t */","\tthis.fnExtractFrameToJPG = function (/* destinationFolder, settings, callback */) {","\t\t","\t\tvar destinationFolder\t= null","\t\t  , newSettings\t\t\t= null","\t\t  , callback\t\t\t= null;","\t\t  ","\t\tvar settings = {","\t\t\tstart_time\t\t\t\t: null\t\t// Start time to recording","\t\t  , duration_time\t\t\t: null\t\t// Duration of recording","\t\t  , frame_rate\t\t\t\t: null\t\t// Number of the frames to capture in one second","\t\t  , size\t\t\t\t\t: null\t\t// Dimension each frame","\t\t  , number\t\t\t\t\t: null\t\t// Total frame to capture","\t\t  , every_n_frames\t\t\t: null\t\t// Frame to capture every N frames","\t\t  , every_n_seconds\t\t\t: null\t\t// Frame to capture every N seconds","\t\t  , every_n_percentage\t\t: null\t\t// Frame to capture every N percentage range","\t\t  , keep_pixel_aspect_ratio\t: true\t\t// Mantain the original pixel video aspect ratio","\t\t  , keep_aspect_ratio\t\t: true\t\t// Mantain the original aspect ratio","\t\t  , padding_color\t\t\t: 'black'\t// Padding color","\t\t  , file_name\t\t\t\t: null\t\t// File name","\t\t};","\t\t  ","\t\t// Scan all arguments","\t\tfor (var i in arguments) {","\t\t\t// Check the type of the argument","\t\t\tswitch (typeof arguments[i]) {","\t\t\t\tcase 'string':","\t\t\t\t\tdestinationFolder = arguments[i];","\t\t\t\t\tbreak;","\t\t\t\tcase 'object':","\t\t\t\t\tnewSettings = arguments[i];","\t\t\t\t\tbreak;","\t\t\t\tcase 'function':","\t\t\t\t\tcallback = arguments[i];","\t\t\t\t\tbreak;","\t\t\t}","\t\t}","\t\t","\t\t// Check if the settings are specified","\t\tif (newSettings !== null)","\t\t\tutils.mergeObject(settings, newSettings);","","\t\t// Check if 'start_time' is in the format hours:minutes:seconds","\t\tif (settings.start_time != null) {","\t\t\tif (/([0-9]+):([0-9]{2}):([0-9]{2})/.exec(settings.start_time))","\t\t\t\tsettings.start_time = utils.durationToSeconds(settings.start_time);","\t\t\telse if (!isNaN(settings.start_time))","\t\t\t\tsettings.start_time = parseInt(settings.start_time, 10);","\t\t\telse","\t\t\t\tsettings.start_time = null;","\t\t}","","\t\t// Check if 'duration_time' is in the format hours:minutes:seconds","\t\tif (settings.duration_time != null) {","\t\t\tif (/([0-9]+):([0-9]{2}):([0-9]{2})/.exec(settings.duration_time))","\t\t\t\tsettings.duration_time = utils.durationToSeconds(settings.duration_time);","\t\t\telse if (!isNaN(settings.duration_time))","\t\t\t\tsettings.duration_time = parseInt(settings.duration_time, 10);","\t\t\telse","\t\t\t\tsettings.duration_time = null;","\t\t}","","\t\t// Check if the value of the framerate is number type","\t\tif (settings.frame_rate != null && isNaN(settings.frame_rate))","\t\t\tsettings.frame_rate = null;","","\t\t// If the size is not settings then the size of the screenshots is equal to video size","\t\tif (settings.size == null)","\t\t\tsettings.size = this.metadata.video.resolution.w + 'x' + this.metadata.video.resolution.h;","","\t\t// Check if the value of the 'number frame to capture' is number type","\t\tif (settings.number != null && isNaN(settings.number))","\t\t\tsettings.number = null;","","\t\tvar every_n_check = 0;","","\t\t// Check if the value of the 'every_n_frames' is number type","\t\tif (settings.every_n_frames != null && isNaN(settings.every_n_frames)) {","\t\t\tsettings.every_n_frames = null;","\t\t\tevery_n_check++;","\t\t}","","\t\t// Check if the value of the 'every_n_seconds' is number type","\t\tif (settings.every_n_seconds != null && isNaN(settings.every_n_seconds)) {","\t\t\tsettings.every_n_seconds = null;","\t\t\tevery_n_check++;","\t\t}","","\t\t// Check if the value of the 'every_n_percentage' is number type","\t\tif (settings.every_n_percentage != null && (isNaN(settings.every_n_percentage) || settings.every_n_percentage > 100)) {","\t\t\tsettings.every_n_percentage = null;","\t\t\tevery_n_check++;","\t\t}","\t\t","\t\tif (every_n_check >= 2) {","\t\t\tif (callback) {","\t\t\t\tcallback(errors.renderError('extract_frame_invalid_everyN_options'));","\t\t\t} else {","\t\t\t\tthrow errors.renderError('extract_frame_invalid_everyN_options');","\t\t\t}","\t\t}\t\t\t","\t\t","\t\t// If filename is null then his value is equal to original filename","\t\tif (settings.file_name == null) {","\t\t\tsettings.file_name = path.basename(this.file_path, path.extname(this.file_path));","\t\t} else {","\t\t\t// Retrieve all possible replacements","\t\t\tvar replacements = settings.file_name.match(/(\\%[a-zA-Z]{1})/g);","\t\t\t// Check if exists replacements. The scan all replacements and build the final filename","\t\t\tif (replacements) {","\t\t\t\tfor (var i in replacements) {","\t\t\t\t\tswitch (replacements[i]) {","\t\t\t\t\t\tcase '%t':","\t\t\t\t\t\t\tsettings.file_name = settings.file_name.replace('%t', new Date().getTime());","\t\t\t\t\t\t\tbreak;","\t\t\t\t\t\tcase '%s':","\t\t\t\t\t\t\tsettings.file_name = settings.file_name.replace('%s', settings.size);","\t\t\t\t\t\t\tbreak;","\t\t\t\t\t\tcase '%x':","\t\t\t\t\t\t\tsettings.file_name = settings.file_name.replace('%x', settings.size.split(':')[0]);","\t\t\t\t\t\t\tbreak;","\t\t\t\t\t\tcase '%y':","\t\t\t\t\t\t\tsettings.file_name = settings.file_name.replace('%y', settings.size.split(':')[1]);","\t\t\t\t\t\t\tbreak;","\t\t\t\t\t\tdefault:","\t\t\t\t\t\t\tsettings.file_name = settings.file_name.replace(replacements[i], '');","\t\t\t\t\t\t\tbreak;","\t\t\t\t\t}","\t\t\t\t}","\t\t\t}","\t\t}","\t\t// At the filename will added the number of the frame","\t\tsettings.file_name = path.basename(settings.file_name, path.extname(settings.file_name)) + '_%d.jpg';","\t\t","\t\t// Create the directory to save the extracted frames","\t\tutils.mkdir(destinationFolder, 0777);","\t\t","\t\tresetCommands(this);","\t\t","\t\t// Adding commands to the list","\t\tif (settings.startTime)","\t\t\tthis.addCommand('-ss', settings.startTime);","\t\tif (settings.duration_time)","\t\t\tthis.addCommand('-t', settings.duration_time);","\t\tif (settings.frame_rate)","\t\t\tthis.addCommand('-r', settings.frame_rate);","","\t\t// Setting the size and padding settings","\t\tthis.setVideoSize(settings.size, settings.keep_pixel_aspect_ratio, settings.keep_aspect_ratio, settings.padding_color);","\t\t// Get the dimensions","\t\tvar newDimension = _calculateNewDimension.call(this);","\t\t// Apply the size and padding commands","\t\tthis.addCommand('-s', newDimension.width + 'x' + newDimension.height);","\t\t// CHeck if isset aspect ratio options","\t\tif (newDimension.aspect != null) {","\t\t\tthis.addFilterComplex('scale=iw*sar:ih, pad=max(iw\\\\,ih*(' + newDimension.aspect.x + '/' + newDimension.aspect.y + ')):ow/(' + newDimension.aspect.x + '/' + newDimension.aspect.y + '):(ow-iw)/2:(oh-ih)/2' + (settings.padding_color != null ? ':' + settings.padding_color : ''));","\t\t\tthis.addCommand('-aspect', newDimension.aspect.string);","\t\t}","","\t\tif (settings.number)","\t\t\tthis.addCommand('-vframes', settings.number);","\t\tif (settings.every_n_frames) {","\t\t\tthis.addCommand('-vsync', 0);\t\t\t\t\t","\t\t\tthis.addFilterComplex('select=not(mod(n\\\\,' + settings.every_n_frames + '))');","\t\t}","\t\tif (settings.every_n_seconds) {","\t\t\tthis.addCommand('-vsync', 0);","\t\t\tthis.addFilterComplex('select=not(mod(t\\\\,' + settings.every_n_seconds + '))');","\t\t}","\t\tif (settings.every_n_percentage) {","\t\t\tthis.addCommand('-vsync', 0);","\t\t\tthis.addFilterComplex('select=not(mod(t\\\\,' + parseInt((this.metadata.duration.seconds / 100) * settings.every_n_percentage) + '))');","\t\t}","\t\t","\t\t// Add destination file path to the command list","\t\tsetOutput([destinationFolder,settings.file_name].join('/'));","","\t\t// Executing the commands list","\t\treturn execCommand.call(this, callback, destinationFolder);","\t}","","\t/**","\t * Add a watermark to the video and save it","\t */","\tthis.fnAddWatermark = function (watermarkPath /* newFilepath , settings, callback */) {","","\t\tvar newFilepath\t\t= null","\t\t  , newSettings\t\t= null","\t\t  , callback\t\t= null;","\t\t  ","\t\t// Scan all arguments","\t\tfor (var i = 1; i < arguments.length; i++) {","\t\t\t// Check the type of the argument","\t\t\tswitch (typeof arguments[i]) {","\t\t\t\tcase 'string':","\t\t\t\t\tnewFilepath = arguments[i];","\t\t\t\t\tbreak;","\t\t\t\tcase 'object':","\t\t\t\t\tnewSettings = arguments[i];","\t\t\t\t\tbreak;","\t\t\t\tcase 'function':","\t\t\t\t\tcallback = arguments[i];","\t\t\t\t\tbreak;","\t\t\t}","\t\t}","\t\t","\t\tresetCommands(this);","","\t\t// Call the function to add the watermark options","\t\tthis.setWatermark(watermarkPath, newSettings, true);","\t\t","\t\tif (newFilepath == null)","\t\t\tnewFilepath = path.dirname(this.file_path) + '/' + ","\t\t\t\t\t\t  path.basename(this.file_path, path.extname(this.file_path)) + '_watermark_' + ","\t\t\t\t\t\t  path.basename(watermarkPath, path.extname(watermarkPath)) + ","\t\t\t\t\t\t  path.extname(this.file_path);","\t\t","\t\t// Add destination file path to the command list","\t\tsetOutput(newFilepath);","","\t\t// Executing the commands list","\t\treturn execCommand.call(this, callback);","\t}","\t","\t/**","\t * Constructor","\t */","\tvar __constructor = function (self) {","\t\tresetCommands(self);","\t}(this);","}"],"l":{"1":1,"5":1,"9":1,"12":0,"13":0,"14":0,"17":0,"23":0,"32":0,"34":0,"36":0,"38":0,"39":0,"41":0,"47":0,"48":0,"54":0,"55":0,"61":0,"62":0,"72":0,"73":0,"74":0,"76":0,"77":0,"83":0,"84":0,"85":0,"87":0,"88":0,"94":0,"96":0,"97":0,"98":0,"100":0,"101":0,"103":0,"109":0,"111":0,"112":0,"113":0,"115":0,"116":0,"118":0,"124":0,"125":0,"126":0,"128":0,"129":0,"135":0,"136":0,"137":0,"139":0,"140":0,"146":0,"147":0,"148":0,"151":0,"152":0,"153":0,"154":0,"156":0,"160":0,"161":0,"167":0,"168":0,"169":0,"172":0,"173":0,"174":0,"175":0,"177":0,"181":0,"182":0,"188":0,"190":0,"192":0,"193":0,"194":0,"196":0,"200":0,"201":0,"203":0,"204":0,"210":0,"211":0,"212":0,"214":0,"215":0,"216":0,"217":0,"218":0,"224":0,"226":0,"228":0,"229":0,"231":0,"232":0,"234":0,"235":0,"237":0,"243":0,"244":0,"245":0,"247":0,"248":0,"254":0,"256":0,"257":0,"258":0,"260":0,"261":0,"263":0,"269":0,"270":0,"271":0,"273":0,"274":0,"280":0,"281":0,"282":0,"284":0,"285":0,"291":0,"293":0,"302":0,"303":0,"306":0,"307":0,"310":0,"311":0,"315":0,"316":0,"317":0,"318":0,"319":0,"320":0,"321":0,"322":0,"324":0,"326":0,"327":0,"330":0,"331":0,"334":0,"335":0,"339":0,"341":0,"342":0,"344":0,"345":0,"347":0,"348":0,"350":0,"351":0,"353":0,"354":0,"356":0,"357":0,"359":0,"360":0,"362":0,"363":0,"365":0,"366":0,"370":0,"371":0,"372":0,"374":0,"375":0,"376":0,"377":0,"378":0,"385":0,"387":0,"389":0,"390":0,"393":0,"394":0,"395":0,"396":0,"397":0,"398":0,"399":0,"400":0,"401":0,"402":0,"403":0,"404":0,"406":0,"407":0,"408":0,"412":0,"413":0,"415":0,"416":0,"417":0,"420":0,"425":0,"427":0,"428":0,"431":0,"432":0,"433":0,"434":0,"435":0,"436":0,"437":0,"438":0,"439":0,"440":0,"444":0,"446":0,"456":0,"457":0,"458":0,"459":0,"460":0,"461":0,"467":0,"469":0,"471":0,"474":0,"476":0,"478":0,"479":0,"482":0,"486":0,"491":0,"496":0,"498":0,"500":0,"501":0,"504":0,"506":0,"508":0,"510":0,"511":0,"514":0,"516":0,"518":0,"520":0,"521":0,"522":0,"523":0,"524":0,"526":0,"529":0,"530":0,"532":0,"534":0,"536":0,"537":0,"538":0,"539":0,"542":0,"548":0,"550":0,"552":0,"554":0,"560":0,"562":0,"564":0,"565":0,"567":0,"568":0,"571":0,"572":0,"574":0,"576":0,"577":0,"581":0,"583":0,"585":0,"587":0,"590":0,"595":0,"605":0,"607":0,"608":0,"611":0,"615":0,"618":0,"619":0,"620":0,"621":0,"622":0,"625":0,"628":0,"634":0,"636":0,"640":0,"656":0,"658":0,"660":0,"661":0,"663":0,"664":0,"666":0,"667":0,"672":0,"673":0,"676":0,"677":0,"678":0,"679":0,"680":0,"682":0,"686":0,"687":0,"688":0,"689":0,"690":0,"692":0,"696":0,"697":0,"700":0,"701":0,"704":0,"705":0,"707":0,"710":0,"711":0,"712":0,"716":0,"717":0,"718":0,"722":0,"723":0,"724":0,"727":0,"728":0,"729":0,"731":0,"736":0,"737":0,"740":0,"742":0,"743":0,"744":0,"746":0,"747":0,"749":0,"750":0,"752":0,"753":0,"755":0,"756":0,"758":0,"759":0,"765":0,"768":0,"770":0,"773":0,"774":0,"775":0,"776":0,"777":0,"778":0,"781":0,"783":0,"785":0,"787":0,"788":0,"789":0,"792":0,"793":0,"794":0,"795":0,"796":0,"798":0,"799":0,"800":0,"802":0,"803":0,"804":0,"808":0,"811":0,"817":0,"819":0,"824":0,"826":0,"828":0,"829":0,"831":0,"832":0,"834":0,"835":0,"839":0,"842":0,"844":0,"845":0,"851":0,"854":0,"860":0,"861":0}},"/home/travis/build/npmtest/node-npmtest-ffmpeg/node_modules/ffmpeg/lib/presets.js":{"path":"/home/travis/build/npmtest/node-npmtest-ffmpeg/node_modules/ffmpeg/lib/presets.js","s":{"1":1,"2":1,"3":1},"b":{},"f":{},"fnMap":{},"statementMap":{"1":{"start":{"line":1,"column":0},"end":{"line":30,"column":1}},"2":{"start":{"line":32,"column":0},"end":{"line":38,"column":1}},"3":{"start":{"line":40,"column":0},"end":{"line":43,"column":1}}},"branchMap":{},"code":["module.exports.size = {","\t'SQCIF'\t\t: '128x96'","  ,\t'QCIF'\t\t: '176x144'","  ,\t'CIF'\t\t: '352x288'","  ,\t'4CIF'\t\t: '704x576'","  ,\t'QQVGA'\t\t: '160x120'","  ,\t'QVGA'\t\t: '320x240'","  ,\t'VGA'\t\t: '640x480'","  ,\t'SVGA'\t\t: '800x600'","  ,\t'XGA'\t\t: '1024x768'","  ,\t'UXGA'\t\t: '1600x1200'","  ,\t'QXGA'\t\t: '2048x1536'","  ,\t'SXGA'\t\t: '1280x1024'","  ,\t'QSXGA'\t\t: '2560x2048'","  ,\t'HSXGA'\t\t: '5120x4096'","  ,\t'WVGA'\t\t: '852x480'","  ,\t'WXGA'\t\t: '1366x768'","  ,\t'WSXGA'\t\t: '1600x1024'","  ,\t'WUXGA'\t\t: '1920x1200'","  ,\t'WOXGA'\t\t: '2560x1600'","  ,\t'WQSXGA'\t: '3200x2048'","  ,\t'WQUXGA'\t: '3840x2400'","  ,\t'WHSXGA'\t: '6400x4096'","  ,\t'WHUXGA'\t: '7680x4800'","  ,\t'CGA'\t\t: '320x200'","  ,\t'EGA'\t\t: '640x350'","  ,\t'HD480'\t\t: '852x480'","  ,\t'HD720'\t\t: '1280x720'","  ,\t'HD1080'\t: '1920x1080'","}","","module.exports.ratio = {","\t'4:3'\t\t: 1.33","  , '3:2'\t\t: 1.5","  , '14:9'\t\t: 1.56","  , '16:9'\t\t: 1.78","  , '21:9'\t\t: 2.33","}","","module.exports.audio_channel = {","\t'mono'\t\t: 1","  ,\t'stereo'\t: 2","}"],"l":{"1":1,"32":1,"40":1}}}